#! /usr/bin/vvp
:ivl_version "12.0 (stable)" "(v12_0-dirty)";
:ivl_delay_selection "TYPICAL";
:vpi_time_precision - 9;
:vpi_module "/usr/lib/ivl/system.vpi";
:vpi_module "/usr/lib/ivl/vhdl_sys.vpi";
:vpi_module "/usr/lib/ivl/vhdl_textio.vpi";
:vpi_module "/usr/lib/ivl/v2005_math.vpi";
:vpi_module "/usr/lib/ivl/va_math.vpi";
S_0x5ca657148ee0 .scope module, "tb_adder" "tb_adder" 2 69;
 .timescale -9 -9;
v0x5ca6571a0cb0_0 .var "a", 3 0;
v0x5ca6571a0d90_0 .var "b", 3 0;
v0x5ca6571a0e30_0 .var "carry_in", 0 0;
v0x5ca6571a0ed0_0 .net "carry_out", 0 0, L_0x5ca6571aaeb0;  1 drivers
v0x5ca6571a0f70_0 .net "sum", 3 0, L_0x5ca6571a9050;  1 drivers
S_0x5ca657149070 .scope module, "uut" "bitadder" 2 75, 2 36 0, S_0x5ca657148ee0;
 .timescale -9 -9;
    .port_info 0 /INPUT 4 "a";
    .port_info 1 /INPUT 4 "b";
    .port_info 2 /INPUT 1 "carry_in";
    .port_info 3 /OUTPUT 4 "sum";
    .port_info 4 /OUTPUT 1 "carry_out";
L_0x5ca6571aada0 .functor BUFZ 1, v0x5ca6571a0e30_0, C4<0>, C4<0>, C4<0>;
v0x5ca6571a0620_0 .net *"_ivl_57", 0 0, L_0x5ca6571aada0;  1 drivers
v0x5ca6571a06e0_0 .net "a", 3 0, v0x5ca6571a0cb0_0;  1 drivers
v0x5ca6571a07c0_0 .net "b", 3 0, v0x5ca6571a0d90_0;  1 drivers
v0x5ca6571a0880_0 .net "carry", 4 0, L_0x5ca6571aaa80;  1 drivers
v0x5ca6571a0960_0 .net "carry_in", 0 0, v0x5ca6571a0e30_0;  1 drivers
v0x5ca6571a0a70_0 .net "carry_out", 0 0, L_0x5ca6571aaeb0;  alias, 1 drivers
v0x5ca6571a0b30_0 .net "sum", 3 0, L_0x5ca6571a9050;  alias, 1 drivers
L_0x5ca6571a16f0 .part v0x5ca6571a0cb0_0, 0, 1;
L_0x5ca6571a17e0 .part v0x5ca6571a0d90_0, 0, 1;
L_0x5ca6571a1e30 .part L_0x5ca6571aaa80, 0, 1;
L_0x5ca6571a2140 .part v0x5ca6571a0cb0_0, 0, 1;
L_0x5ca6571a2260 .part v0x5ca6571a0d90_0, 0, 1;
L_0x5ca6571a25c0 .part v0x5ca6571a0cb0_0, 0, 1;
L_0x5ca6571a26f0 .part L_0x5ca6571aaa80, 0, 1;
L_0x5ca6571a2a50 .part v0x5ca6571a0d90_0, 0, 1;
L_0x5ca6571a2c20 .part L_0x5ca6571aaa80, 0, 1;
L_0x5ca6571a3b60 .part v0x5ca6571a0cb0_0, 1, 1;
L_0x5ca6571a3c60 .part v0x5ca6571a0d90_0, 1, 1;
L_0x5ca6571a42a0 .part L_0x5ca6571aaa80, 1, 1;
L_0x5ca6571a4660 .part v0x5ca6571a0cb0_0, 1, 1;
L_0x5ca6571a4750 .part v0x5ca6571a0d90_0, 1, 1;
L_0x5ca6571a4ac0 .part v0x5ca6571a0cb0_0, 1, 1;
L_0x5ca6571a4bb0 .part L_0x5ca6571aaa80, 1, 1;
L_0x5ca6571a4fa0 .part v0x5ca6571a0d90_0, 1, 1;
L_0x5ca6571a5090 .part L_0x5ca6571aaa80, 1, 1;
L_0x5ca6571a6060 .part v0x5ca6571a0cb0_0, 2, 1;
L_0x5ca6571a6100 .part v0x5ca6571a0d90_0, 2, 1;
L_0x5ca6571a5180 .part L_0x5ca6571aaa80, 2, 1;
L_0x5ca6571a6b30 .part v0x5ca6571a0cb0_0, 2, 1;
L_0x5ca6571a6ce0 .part v0x5ca6571a0d90_0, 2, 1;
L_0x5ca6571a6ff0 .part v0x5ca6571a0cb0_0, 2, 1;
L_0x5ca6571a71b0 .part L_0x5ca6571aaa80, 2, 1;
L_0x5ca6571a7620 .part v0x5ca6571a0d90_0, 2, 1;
L_0x5ca6571a77f0 .part L_0x5ca6571aaa80, 2, 1;
L_0x5ca6571a8690 .part v0x5ca6571a0cb0_0, 3, 1;
L_0x5ca6571a8820 .part v0x5ca6571a0d90_0, 3, 1;
L_0x5ca6571a8eb0 .part L_0x5ca6571aaa80, 3, 1;
L_0x5ca6571a9050 .concat8 [ 1 1 1 1], L_0x5ca6571a1c50, L_0x5ca6571a40c0, L_0x5ca6571a66e0, L_0x5ca6571a8cd0;
L_0x5ca6571a94f0 .part v0x5ca6571a0cb0_0, 3, 1;
L_0x5ca6571a96f0 .part v0x5ca6571a0d90_0, 3, 1;
L_0x5ca6571a9a50 .part v0x5ca6571a0cb0_0, 3, 1;
L_0x5ca6571a9c60 .part L_0x5ca6571aaa80, 3, 1;
L_0x5ca6571a9fc0 .part v0x5ca6571a0d90_0, 3, 1;
L_0x5ca6571a9b40 .part L_0x5ca6571aaa80, 3, 1;
LS_0x5ca6571aaa80_0_0 .concat8 [ 1 1 1 1], L_0x5ca6571aada0, L_0x5ca6571a33b0, L_0x5ca6571a5880, L_0x5ca6571a7eb0;
LS_0x5ca6571aaa80_0_4 .concat8 [ 1 0 0 0], L_0x5ca6571aa8d0;
L_0x5ca6571aaa80 .concat8 [ 4 1 0 0], LS_0x5ca6571aaa80_0_0, LS_0x5ca6571aaa80_0_4;
L_0x5ca6571aaeb0 .part L_0x5ca6571aaa80, 4, 1;
S_0x5ca657145610 .scope generate, "genblk1[0]" "genblk1[0]" 2 49, 2 49 0, S_0x5ca657149070;
 .timescale -9 -9;
P_0x5ca6571457f0 .param/l "i" 1 2 49, +C4<00>;
v0x5ca657196220_0 .net "temp1", 0 0, L_0x5ca6571a1510;  1 drivers
v0x5ca657196310_0 .net "temp2", 0 0, L_0x5ca6571a1fe0;  1 drivers
v0x5ca657196420_0 .net "temp3", 0 0, L_0x5ca6571a2460;  1 drivers
v0x5ca657196510_0 .net "temp4", 0 0, L_0x5ca6571a28f0;  1 drivers
v0x5ca657196600_0 .net "temp5", 0 0, L_0x5ca6571a2f60;  1 drivers
S_0x5ca657145890 .scope module, "and1" "and_nand" 2 56, 2 3 0, S_0x5ca657145610;
 .timescale -9 -9;
    .port_info 0 /INPUT 1 "a";
    .port_info 1 /INPUT 1 "b";
    .port_info 2 /OUTPUT 1 "out";
L_0x5ca6571a1ed0/d .functor NAND 1, L_0x5ca6571a2140, L_0x5ca6571a2260, C4<1>, C4<1>;
L_0x5ca6571a1ed0 .delay 1 (1,1,1) L_0x5ca6571a1ed0/d;
L_0x5ca6571a1fe0/d .functor NAND 1, L_0x5ca6571a1ed0, L_0x5ca6571a1ed0, C4<1>, C4<1>;
L_0x5ca6571a1fe0 .delay 1 (1,1,1) L_0x5ca6571a1fe0/d;
v0x5ca65716e4b0_0 .net "a", 0 0, L_0x5ca6571a2140;  1 drivers
v0x5ca6571686a0_0 .net "b", 0 0, L_0x5ca6571a2260;  1 drivers
v0x5ca657162890_0 .net "out", 0 0, L_0x5ca6571a1fe0;  alias, 1 drivers
v0x5ca657174260_0 .net "temp", 0 0, L_0x5ca6571a1ed0;  1 drivers
S_0x5ca657193ac0 .scope module, "and2" "and_nand" 2 57, 2 3 0, S_0x5ca657145610;
 .timescale -9 -9;
    .port_info 0 /INPUT 1 "a";
    .port_info 1 /INPUT 1 "b";
    .port_info 2 /OUTPUT 1 "out";
L_0x5ca6571a2350/d .functor NAND 1, L_0x5ca6571a25c0, L_0x5ca6571a26f0, C4<1>, C4<1>;
L_0x5ca6571a2350 .delay 1 (1,1,1) L_0x5ca6571a2350/d;
L_0x5ca6571a2460/d .functor NAND 1, L_0x5ca6571a2350, L_0x5ca6571a2350, C4<1>, C4<1>;
L_0x5ca6571a2460 .delay 1 (1,1,1) L_0x5ca6571a2460/d;
v0x5ca657193cf0_0 .net "a", 0 0, L_0x5ca6571a25c0;  1 drivers
v0x5ca657193dd0_0 .net "b", 0 0, L_0x5ca6571a26f0;  1 drivers
v0x5ca657193e90_0 .net "out", 0 0, L_0x5ca6571a2460;  alias, 1 drivers
v0x5ca657193f30_0 .net "temp", 0 0, L_0x5ca6571a2350;  1 drivers
S_0x5ca657194070 .scope module, "and3" "and_nand" 2 58, 2 3 0, S_0x5ca657145610;
 .timescale -9 -9;
    .port_info 0 /INPUT 1 "a";
    .port_info 1 /INPUT 1 "b";
    .port_info 2 /OUTPUT 1 "out";
L_0x5ca6571a27e0/d .functor NAND 1, L_0x5ca6571a2a50, L_0x5ca6571a2c20, C4<1>, C4<1>;
L_0x5ca6571a27e0 .delay 1 (1,1,1) L_0x5ca6571a27e0/d;
L_0x5ca6571a28f0/d .functor NAND 1, L_0x5ca6571a27e0, L_0x5ca6571a27e0, C4<1>, C4<1>;
L_0x5ca6571a28f0 .delay 1 (1,1,1) L_0x5ca6571a28f0/d;
v0x5ca6571942a0_0 .net "a", 0 0, L_0x5ca6571a2a50;  1 drivers
v0x5ca657194360_0 .net "b", 0 0, L_0x5ca6571a2c20;  1 drivers
v0x5ca657194420_0 .net "out", 0 0, L_0x5ca6571a28f0;  alias, 1 drivers
v0x5ca6571944c0_0 .net "temp", 0 0, L_0x5ca6571a27e0;  1 drivers
S_0x5ca657194600 .scope module, "or1" "or_nand" 2 60, 2 13 0, S_0x5ca657145610;
 .timescale -9 -9;
    .port_info 0 /INPUT 1 "a";
    .port_info 1 /INPUT 1 "b";
    .port_info 2 /OUTPUT 1 "out";
L_0x5ca6571a2cc0/d .functor NAND 1, L_0x5ca6571a1fe0, L_0x5ca6571a1fe0, C4<1>, C4<1>;
L_0x5ca6571a2cc0 .delay 1 (1,1,1) L_0x5ca6571a2cc0/d;
L_0x5ca6571a2e10/d .functor NAND 1, L_0x5ca6571a2460, L_0x5ca6571a2460, C4<1>, C4<1>;
L_0x5ca6571a2e10 .delay 1 (1,1,1) L_0x5ca6571a2e10/d;
L_0x5ca6571a2f60/d .functor NAND 1, L_0x5ca6571a2cc0, L_0x5ca6571a2e10, C4<1>, C4<1>;
L_0x5ca6571a2f60 .delay 1 (1,1,1) L_0x5ca6571a2f60/d;
v0x5ca657194830_0 .net "a", 0 0, L_0x5ca6571a1fe0;  alias, 1 drivers
v0x5ca6571948f0_0 .net "b", 0 0, L_0x5ca6571a2460;  alias, 1 drivers
v0x5ca657194990_0 .net "out", 0 0, L_0x5ca6571a2f60;  alias, 1 drivers
v0x5ca657194a60_0 .net "temp1", 0 0, L_0x5ca6571a2cc0;  1 drivers
v0x5ca657194b00_0 .net "temp2", 0 0, L_0x5ca6571a2e10;  1 drivers
S_0x5ca657194c70 .scope module, "or2" "or_nand" 2 61, 2 13 0, S_0x5ca657145610;
 .timescale -9 -9;
    .port_info 0 /INPUT 1 "a";
    .port_info 1 /INPUT 1 "b";
    .port_info 2 /OUTPUT 1 "out";
L_0x5ca6571a3110/d .functor NAND 1, L_0x5ca6571a2f60, L_0x5ca6571a2f60, C4<1>, C4<1>;
L_0x5ca6571a3110 .delay 1 (1,1,1) L_0x5ca6571a3110/d;
L_0x5ca6571a3260/d .functor NAND 1, L_0x5ca6571a28f0, L_0x5ca6571a28f0, C4<1>, C4<1>;
L_0x5ca6571a3260 .delay 1 (1,1,1) L_0x5ca6571a3260/d;
L_0x5ca6571a33b0/d .functor NAND 1, L_0x5ca6571a3110, L_0x5ca6571a3260, C4<1>, C4<1>;
L_0x5ca6571a33b0 .delay 1 (1,1,1) L_0x5ca6571a33b0/d;
v0x5ca657194ef0_0 .net "a", 0 0, L_0x5ca6571a2f60;  alias, 1 drivers
v0x5ca657194fb0_0 .net "b", 0 0, L_0x5ca6571a28f0;  alias, 1 drivers
v0x5ca657195050_0 .net "out", 0 0, L_0x5ca6571a33b0;  1 drivers
v0x5ca657195120_0 .net "temp1", 0 0, L_0x5ca6571a3110;  1 drivers
v0x5ca6571951c0_0 .net "temp2", 0 0, L_0x5ca6571a3260;  1 drivers
S_0x5ca657195330 .scope module, "xor1" "xor_nand" 2 52, 2 24 0, S_0x5ca657145610;
 .timescale -9 -9;
    .port_info 0 /INPUT 1 "a";
    .port_info 1 /INPUT 1 "b";
    .port_info 2 /OUTPUT 1 "out";
L_0x5ca6571a1060/d .functor NAND 1, L_0x5ca6571a16f0, L_0x5ca6571a17e0, C4<1>, C4<1>;
L_0x5ca6571a1060 .delay 1 (1,1,1) L_0x5ca6571a1060/d;
L_0x5ca6571a11d0/d .functor NAND 1, L_0x5ca6571a16f0, L_0x5ca6571a1060, C4<1>, C4<1>;
L_0x5ca6571a11d0 .delay 1 (1,1,1) L_0x5ca6571a11d0/d;
L_0x5ca6571a13b0/d .functor NAND 1, L_0x5ca6571a17e0, L_0x5ca6571a1060, C4<1>, C4<1>;
L_0x5ca6571a13b0 .delay 1 (1,1,1) L_0x5ca6571a13b0/d;
L_0x5ca6571a1510/d .functor NAND 1, L_0x5ca6571a11d0, L_0x5ca6571a13b0, C4<1>, C4<1>;
L_0x5ca6571a1510 .delay 1 (1,1,1) L_0x5ca6571a1510/d;
v0x5ca657195560_0 .net "a", 0 0, L_0x5ca6571a16f0;  1 drivers
v0x5ca657195640_0 .net "b", 0 0, L_0x5ca6571a17e0;  1 drivers
v0x5ca657195700_0 .net "out", 0 0, L_0x5ca6571a1510;  alias, 1 drivers
v0x5ca6571957a0_0 .net "temp1", 0 0, L_0x5ca6571a1060;  1 drivers
v0x5ca657195860_0 .net "temp2", 0 0, L_0x5ca6571a11d0;  1 drivers
v0x5ca657195970_0 .net "temp3", 0 0, L_0x5ca6571a13b0;  1 drivers
S_0x5ca657195ab0 .scope module, "xor2" "xor_nand" 2 53, 2 24 0, S_0x5ca657145610;
 .timescale -9 -9;
    .port_info 0 /INPUT 1 "a";
    .port_info 1 /INPUT 1 "b";
    .port_info 2 /OUTPUT 1 "out";
L_0x5ca6571a18d0/d .functor NAND 1, L_0x5ca6571a1510, L_0x5ca6571a1e30, C4<1>, C4<1>;
L_0x5ca6571a18d0 .delay 1 (1,1,1) L_0x5ca6571a18d0/d;
L_0x5ca6571a1990/d .functor NAND 1, L_0x5ca6571a1510, L_0x5ca6571a18d0, C4<1>, C4<1>;
L_0x5ca6571a1990 .delay 1 (1,1,1) L_0x5ca6571a1990/d;
L_0x5ca6571a1af0/d .functor NAND 1, L_0x5ca6571a1e30, L_0x5ca6571a18d0, C4<1>, C4<1>;
L_0x5ca6571a1af0 .delay 1 (1,1,1) L_0x5ca6571a1af0/d;
L_0x5ca6571a1c50/d .functor NAND 1, L_0x5ca6571a1990, L_0x5ca6571a1af0, C4<1>, C4<1>;
L_0x5ca6571a1c50 .delay 1 (1,1,1) L_0x5ca6571a1c50/d;
v0x5ca657195ce0_0 .net "a", 0 0, L_0x5ca6571a1510;  alias, 1 drivers
v0x5ca657195da0_0 .net "b", 0 0, L_0x5ca6571a1e30;  1 drivers
v0x5ca657195e40_0 .net "out", 0 0, L_0x5ca6571a1c50;  1 drivers
v0x5ca657195f10_0 .net "temp1", 0 0, L_0x5ca6571a18d0;  1 drivers
v0x5ca657195fd0_0 .net "temp2", 0 0, L_0x5ca6571a1990;  1 drivers
v0x5ca6571960e0_0 .net "temp3", 0 0, L_0x5ca6571a1af0;  1 drivers
S_0x5ca657196740 .scope generate, "genblk1[1]" "genblk1[1]" 2 49, 2 49 0, S_0x5ca657149070;
 .timescale -9 -9;
P_0x5ca657196920 .param/l "i" 1 2 49, +C4<01>;
v0x5ca657199710_0 .net "temp1", 0 0, L_0x5ca6571a3980;  1 drivers
v0x5ca657199800_0 .net "temp2", 0 0, L_0x5ca6571a4500;  1 drivers
v0x5ca657199910_0 .net "temp3", 0 0, L_0x5ca6571a4960;  1 drivers
v0x5ca657199a00_0 .net "temp4", 0 0, L_0x5ca6571a4e40;  1 drivers
v0x5ca657199af0_0 .net "temp5", 0 0, L_0x5ca6571a5430;  1 drivers
S_0x5ca6571969e0 .scope module, "and1" "and_nand" 2 56, 2 3 0, S_0x5ca657196740;
 .timescale -9 -9;
    .port_info 0 /INPUT 1 "a";
    .port_info 1 /INPUT 1 "b";
    .port_info 2 /OUTPUT 1 "out";
L_0x5ca6571a4440/d .functor NAND 1, L_0x5ca6571a4660, L_0x5ca6571a4750, C4<1>, C4<1>;
L_0x5ca6571a4440 .delay 1 (1,1,1) L_0x5ca6571a4440/d;
L_0x5ca6571a4500/d .functor NAND 1, L_0x5ca6571a4440, L_0x5ca6571a4440, C4<1>, C4<1>;
L_0x5ca6571a4500 .delay 1 (1,1,1) L_0x5ca6571a4500/d;
v0x5ca657196c30_0 .net "a", 0 0, L_0x5ca6571a4660;  1 drivers
v0x5ca657196d10_0 .net "b", 0 0, L_0x5ca6571a4750;  1 drivers
v0x5ca657196dd0_0 .net "out", 0 0, L_0x5ca6571a4500;  alias, 1 drivers
v0x5ca657196e70_0 .net "temp", 0 0, L_0x5ca6571a4440;  1 drivers
S_0x5ca657196fb0 .scope module, "and2" "and_nand" 2 57, 2 3 0, S_0x5ca657196740;
 .timescale -9 -9;
    .port_info 0 /INPUT 1 "a";
    .port_info 1 /INPUT 1 "b";
    .port_info 2 /OUTPUT 1 "out";
L_0x5ca6571a43d0/d .functor NAND 1, L_0x5ca6571a4ac0, L_0x5ca6571a4bb0, C4<1>, C4<1>;
L_0x5ca6571a43d0 .delay 1 (1,1,1) L_0x5ca6571a43d0/d;
L_0x5ca6571a4960/d .functor NAND 1, L_0x5ca6571a43d0, L_0x5ca6571a43d0, C4<1>, C4<1>;
L_0x5ca6571a4960 .delay 1 (1,1,1) L_0x5ca6571a4960/d;
v0x5ca6571971e0_0 .net "a", 0 0, L_0x5ca6571a4ac0;  1 drivers
v0x5ca6571972c0_0 .net "b", 0 0, L_0x5ca6571a4bb0;  1 drivers
v0x5ca657197380_0 .net "out", 0 0, L_0x5ca6571a4960;  alias, 1 drivers
v0x5ca657197420_0 .net "temp", 0 0, L_0x5ca6571a43d0;  1 drivers
S_0x5ca657197560 .scope module, "and3" "and_nand" 2 58, 2 3 0, S_0x5ca657196740;
 .timescale -9 -9;
    .port_info 0 /INPUT 1 "a";
    .port_info 1 /INPUT 1 "b";
    .port_info 2 /OUTPUT 1 "out";
L_0x5ca6571a4d30/d .functor NAND 1, L_0x5ca6571a4fa0, L_0x5ca6571a5090, C4<1>, C4<1>;
L_0x5ca6571a4d30 .delay 1 (1,1,1) L_0x5ca6571a4d30/d;
L_0x5ca6571a4e40/d .functor NAND 1, L_0x5ca6571a4d30, L_0x5ca6571a4d30, C4<1>, C4<1>;
L_0x5ca6571a4e40 .delay 1 (1,1,1) L_0x5ca6571a4e40/d;
v0x5ca657197790_0 .net "a", 0 0, L_0x5ca6571a4fa0;  1 drivers
v0x5ca657197850_0 .net "b", 0 0, L_0x5ca6571a5090;  1 drivers
v0x5ca657197910_0 .net "out", 0 0, L_0x5ca6571a4e40;  alias, 1 drivers
v0x5ca6571979b0_0 .net "temp", 0 0, L_0x5ca6571a4d30;  1 drivers
S_0x5ca657197af0 .scope module, "or1" "or_nand" 2 60, 2 13 0, S_0x5ca657196740;
 .timescale -9 -9;
    .port_info 0 /INPUT 1 "a";
    .port_info 1 /INPUT 1 "b";
    .port_info 2 /OUTPUT 1 "out";
L_0x5ca6571a5220/d .functor NAND 1, L_0x5ca6571a4500, L_0x5ca6571a4500, C4<1>, C4<1>;
L_0x5ca6571a5220 .delay 1 (1,1,1) L_0x5ca6571a5220/d;
L_0x5ca6571a52e0/d .functor NAND 1, L_0x5ca6571a4960, L_0x5ca6571a4960, C4<1>, C4<1>;
L_0x5ca6571a52e0 .delay 1 (1,1,1) L_0x5ca6571a52e0/d;
L_0x5ca6571a5430/d .functor NAND 1, L_0x5ca6571a5220, L_0x5ca6571a52e0, C4<1>, C4<1>;
L_0x5ca6571a5430 .delay 1 (1,1,1) L_0x5ca6571a5430/d;
v0x5ca657197d20_0 .net "a", 0 0, L_0x5ca6571a4500;  alias, 1 drivers
v0x5ca657197de0_0 .net "b", 0 0, L_0x5ca6571a4960;  alias, 1 drivers
v0x5ca657197e80_0 .net "out", 0 0, L_0x5ca6571a5430;  alias, 1 drivers
v0x5ca657197f50_0 .net "temp1", 0 0, L_0x5ca6571a5220;  1 drivers
v0x5ca657197ff0_0 .net "temp2", 0 0, L_0x5ca6571a52e0;  1 drivers
S_0x5ca657198160 .scope module, "or2" "or_nand" 2 61, 2 13 0, S_0x5ca657196740;
 .timescale -9 -9;
    .port_info 0 /INPUT 1 "a";
    .port_info 1 /INPUT 1 "b";
    .port_info 2 /OUTPUT 1 "out";
L_0x5ca6571a55e0/d .functor NAND 1, L_0x5ca6571a5430, L_0x5ca6571a5430, C4<1>, C4<1>;
L_0x5ca6571a55e0 .delay 1 (1,1,1) L_0x5ca6571a55e0/d;
L_0x5ca6571a5730/d .functor NAND 1, L_0x5ca6571a4e40, L_0x5ca6571a4e40, C4<1>, C4<1>;
L_0x5ca6571a5730 .delay 1 (1,1,1) L_0x5ca6571a5730/d;
L_0x5ca6571a5880/d .functor NAND 1, L_0x5ca6571a55e0, L_0x5ca6571a5730, C4<1>, C4<1>;
L_0x5ca6571a5880 .delay 1 (1,1,1) L_0x5ca6571a5880/d;
v0x5ca6571983e0_0 .net "a", 0 0, L_0x5ca6571a5430;  alias, 1 drivers
v0x5ca6571984a0_0 .net "b", 0 0, L_0x5ca6571a4e40;  alias, 1 drivers
v0x5ca657198540_0 .net "out", 0 0, L_0x5ca6571a5880;  1 drivers
v0x5ca657198610_0 .net "temp1", 0 0, L_0x5ca6571a55e0;  1 drivers
v0x5ca6571986b0_0 .net "temp2", 0 0, L_0x5ca6571a5730;  1 drivers
S_0x5ca657198820 .scope module, "xor1" "xor_nand" 2 52, 2 24 0, S_0x5ca657196740;
 .timescale -9 -9;
    .port_info 0 /INPUT 1 "a";
    .port_info 1 /INPUT 1 "b";
    .port_info 2 /OUTPUT 1 "out";
L_0x5ca6571a3560/d .functor NAND 1, L_0x5ca6571a3b60, L_0x5ca6571a3c60, C4<1>, C4<1>;
L_0x5ca6571a3560 .delay 1 (1,1,1) L_0x5ca6571a3560/d;
L_0x5ca6571a3670/d .functor NAND 1, L_0x5ca6571a3b60, L_0x5ca6571a3560, C4<1>, C4<1>;
L_0x5ca6571a3670 .delay 1 (1,1,1) L_0x5ca6571a3670/d;
L_0x5ca6571a3820/d .functor NAND 1, L_0x5ca6571a3c60, L_0x5ca6571a3560, C4<1>, C4<1>;
L_0x5ca6571a3820 .delay 1 (1,1,1) L_0x5ca6571a3820/d;
L_0x5ca6571a3980/d .functor NAND 1, L_0x5ca6571a3670, L_0x5ca6571a3820, C4<1>, C4<1>;
L_0x5ca6571a3980 .delay 1 (1,1,1) L_0x5ca6571a3980/d;
v0x5ca657198a50_0 .net "a", 0 0, L_0x5ca6571a3b60;  1 drivers
v0x5ca657198b30_0 .net "b", 0 0, L_0x5ca6571a3c60;  1 drivers
v0x5ca657198bf0_0 .net "out", 0 0, L_0x5ca6571a3980;  alias, 1 drivers
v0x5ca657198c90_0 .net "temp1", 0 0, L_0x5ca6571a3560;  1 drivers
v0x5ca657198d50_0 .net "temp2", 0 0, L_0x5ca6571a3670;  1 drivers
v0x5ca657198e60_0 .net "temp3", 0 0, L_0x5ca6571a3820;  1 drivers
S_0x5ca657198fa0 .scope module, "xor2" "xor_nand" 2 53, 2 24 0, S_0x5ca657196740;
 .timescale -9 -9;
    .port_info 0 /INPUT 1 "a";
    .port_info 1 /INPUT 1 "b";
    .port_info 2 /OUTPUT 1 "out";
L_0x5ca6571a3d00/d .functor NAND 1, L_0x5ca6571a3980, L_0x5ca6571a42a0, C4<1>, C4<1>;
L_0x5ca6571a3d00 .delay 1 (1,1,1) L_0x5ca6571a3d00/d;
L_0x5ca6571a3e00/d .functor NAND 1, L_0x5ca6571a3980, L_0x5ca6571a3d00, C4<1>, C4<1>;
L_0x5ca6571a3e00 .delay 1 (1,1,1) L_0x5ca6571a3e00/d;
L_0x5ca6571a3f60/d .functor NAND 1, L_0x5ca6571a42a0, L_0x5ca6571a3d00, C4<1>, C4<1>;
L_0x5ca6571a3f60 .delay 1 (1,1,1) L_0x5ca6571a3f60/d;
L_0x5ca6571a40c0/d .functor NAND 1, L_0x5ca6571a3e00, L_0x5ca6571a3f60, C4<1>, C4<1>;
L_0x5ca6571a40c0 .delay 1 (1,1,1) L_0x5ca6571a40c0/d;
v0x5ca6571991d0_0 .net "a", 0 0, L_0x5ca6571a3980;  alias, 1 drivers
v0x5ca657199290_0 .net "b", 0 0, L_0x5ca6571a42a0;  1 drivers
v0x5ca657199330_0 .net "out", 0 0, L_0x5ca6571a40c0;  1 drivers
v0x5ca657199400_0 .net "temp1", 0 0, L_0x5ca6571a3d00;  1 drivers
v0x5ca6571994c0_0 .net "temp2", 0 0, L_0x5ca6571a3e00;  1 drivers
v0x5ca6571995d0_0 .net "temp3", 0 0, L_0x5ca6571a3f60;  1 drivers
S_0x5ca657199c30 .scope generate, "genblk1[2]" "genblk1[2]" 2 49, 2 49 0, S_0x5ca657149070;
 .timescale -9 -9;
P_0x5ca657199e10 .param/l "i" 1 2 49, +C4<010>;
v0x5ca65719cc10_0 .net "temp1", 0 0, L_0x5ca6571a5e80;  1 drivers
v0x5ca65719cd00_0 .net "temp2", 0 0, L_0x5ca6571a69d0;  1 drivers
v0x5ca65719ce10_0 .net "temp3", 0 0, L_0x5ca6571a6ee0;  1 drivers
v0x5ca65719cf00_0 .net "temp4", 0 0, L_0x5ca6571a74c0;  1 drivers
v0x5ca65719cff0_0 .net "temp5", 0 0, L_0x5ca6571a7a60;  1 drivers
S_0x5ca657199eb0 .scope module, "and1" "and_nand" 2 56, 2 3 0, S_0x5ca657199c30;
 .timescale -9 -9;
    .port_info 0 /INPUT 1 "a";
    .port_info 1 /INPUT 1 "b";
    .port_info 2 /OUTPUT 1 "out";
L_0x5ca6571a68c0/d .functor NAND 1, L_0x5ca6571a6b30, L_0x5ca6571a6ce0, C4<1>, C4<1>;
L_0x5ca6571a68c0 .delay 1 (1,1,1) L_0x5ca6571a68c0/d;
L_0x5ca6571a69d0/d .functor NAND 1, L_0x5ca6571a68c0, L_0x5ca6571a68c0, C4<1>, C4<1>;
L_0x5ca6571a69d0 .delay 1 (1,1,1) L_0x5ca6571a69d0/d;
v0x5ca65719a100_0 .net "a", 0 0, L_0x5ca6571a6b30;  1 drivers
v0x5ca65719a1e0_0 .net "b", 0 0, L_0x5ca6571a6ce0;  1 drivers
v0x5ca65719a2a0_0 .net "out", 0 0, L_0x5ca6571a69d0;  alias, 1 drivers
v0x5ca65719a340_0 .net "temp", 0 0, L_0x5ca6571a68c0;  1 drivers
S_0x5ca65719a480 .scope module, "and2" "and_nand" 2 57, 2 3 0, S_0x5ca657199c30;
 .timescale -9 -9;
    .port_info 0 /INPUT 1 "a";
    .port_info 1 /INPUT 1 "b";
    .port_info 2 /OUTPUT 1 "out";
L_0x5ca6571a6dd0/d .functor NAND 1, L_0x5ca6571a6ff0, L_0x5ca6571a71b0, C4<1>, C4<1>;
L_0x5ca6571a6dd0 .delay 1 (1,1,1) L_0x5ca6571a6dd0/d;
L_0x5ca6571a6ee0/d .functor NAND 1, L_0x5ca6571a6dd0, L_0x5ca6571a6dd0, C4<1>, C4<1>;
L_0x5ca6571a6ee0 .delay 1 (1,1,1) L_0x5ca6571a6ee0/d;
v0x5ca65719a6b0_0 .net "a", 0 0, L_0x5ca6571a6ff0;  1 drivers
v0x5ca65719a790_0 .net "b", 0 0, L_0x5ca6571a71b0;  1 drivers
v0x5ca65719a850_0 .net "out", 0 0, L_0x5ca6571a6ee0;  alias, 1 drivers
v0x5ca65719a8f0_0 .net "temp", 0 0, L_0x5ca6571a6dd0;  1 drivers
S_0x5ca65719aa30 .scope module, "and3" "and_nand" 2 58, 2 3 0, S_0x5ca657199c30;
 .timescale -9 -9;
    .port_info 0 /INPUT 1 "a";
    .port_info 1 /INPUT 1 "b";
    .port_info 2 /OUTPUT 1 "out";
L_0x5ca6571a72a0/d .functor NAND 1, L_0x5ca6571a7620, L_0x5ca6571a77f0, C4<1>, C4<1>;
L_0x5ca6571a72a0 .delay 1 (1,1,1) L_0x5ca6571a72a0/d;
L_0x5ca6571a74c0/d .functor NAND 1, L_0x5ca6571a72a0, L_0x5ca6571a72a0, C4<1>, C4<1>;
L_0x5ca6571a74c0 .delay 1 (1,1,1) L_0x5ca6571a74c0/d;
v0x5ca65719ac60_0 .net "a", 0 0, L_0x5ca6571a7620;  1 drivers
v0x5ca65719ad20_0 .net "b", 0 0, L_0x5ca6571a77f0;  1 drivers
v0x5ca65719ade0_0 .net "out", 0 0, L_0x5ca6571a74c0;  alias, 1 drivers
v0x5ca65719ae80_0 .net "temp", 0 0, L_0x5ca6571a72a0;  1 drivers
S_0x5ca65719afc0 .scope module, "or1" "or_nand" 2 60, 2 13 0, S_0x5ca657199c30;
 .timescale -9 -9;
    .port_info 0 /INPUT 1 "a";
    .port_info 1 /INPUT 1 "b";
    .port_info 2 /OUTPUT 1 "out";
L_0x5ca6571a78e0/d .functor NAND 1, L_0x5ca6571a69d0, L_0x5ca6571a69d0, C4<1>, C4<1>;
L_0x5ca6571a78e0 .delay 1 (1,1,1) L_0x5ca6571a78e0/d;
L_0x5ca6571a79a0/d .functor NAND 1, L_0x5ca6571a6ee0, L_0x5ca6571a6ee0, C4<1>, C4<1>;
L_0x5ca6571a79a0 .delay 1 (1,1,1) L_0x5ca6571a79a0/d;
L_0x5ca6571a7a60/d .functor NAND 1, L_0x5ca6571a78e0, L_0x5ca6571a79a0, C4<1>, C4<1>;
L_0x5ca6571a7a60 .delay 1 (1,1,1) L_0x5ca6571a7a60/d;
v0x5ca65719b1f0_0 .net "a", 0 0, L_0x5ca6571a69d0;  alias, 1 drivers
v0x5ca65719b2b0_0 .net "b", 0 0, L_0x5ca6571a6ee0;  alias, 1 drivers
v0x5ca65719b380_0 .net "out", 0 0, L_0x5ca6571a7a60;  alias, 1 drivers
v0x5ca65719b450_0 .net "temp1", 0 0, L_0x5ca6571a78e0;  1 drivers
v0x5ca65719b4f0_0 .net "temp2", 0 0, L_0x5ca6571a79a0;  1 drivers
S_0x5ca65719b660 .scope module, "or2" "or_nand" 2 61, 2 13 0, S_0x5ca657199c30;
 .timescale -9 -9;
    .port_info 0 /INPUT 1 "a";
    .port_info 1 /INPUT 1 "b";
    .port_info 2 /OUTPUT 1 "out";
L_0x5ca6571a7c10/d .functor NAND 1, L_0x5ca6571a7a60, L_0x5ca6571a7a60, C4<1>, C4<1>;
L_0x5ca6571a7c10 .delay 1 (1,1,1) L_0x5ca6571a7c10/d;
L_0x5ca6571a7d60/d .functor NAND 1, L_0x5ca6571a74c0, L_0x5ca6571a74c0, C4<1>, C4<1>;
L_0x5ca6571a7d60 .delay 1 (1,1,1) L_0x5ca6571a7d60/d;
L_0x5ca6571a7eb0/d .functor NAND 1, L_0x5ca6571a7c10, L_0x5ca6571a7d60, C4<1>, C4<1>;
L_0x5ca6571a7eb0 .delay 1 (1,1,1) L_0x5ca6571a7eb0/d;
v0x5ca65719b8e0_0 .net "a", 0 0, L_0x5ca6571a7a60;  alias, 1 drivers
v0x5ca65719b9a0_0 .net "b", 0 0, L_0x5ca6571a74c0;  alias, 1 drivers
v0x5ca65719ba40_0 .net "out", 0 0, L_0x5ca6571a7eb0;  1 drivers
v0x5ca65719bb10_0 .net "temp1", 0 0, L_0x5ca6571a7c10;  1 drivers
v0x5ca65719bbb0_0 .net "temp2", 0 0, L_0x5ca6571a7d60;  1 drivers
S_0x5ca65719bd20 .scope module, "xor1" "xor_nand" 2 52, 2 24 0, S_0x5ca657199c30;
 .timescale -9 -9;
    .port_info 0 /INPUT 1 "a";
    .port_info 1 /INPUT 1 "b";
    .port_info 2 /OUTPUT 1 "out";
L_0x5ca6571a5a30/d .functor NAND 1, L_0x5ca6571a6060, L_0x5ca6571a6100, C4<1>, C4<1>;
L_0x5ca6571a5a30 .delay 1 (1,1,1) L_0x5ca6571a5a30/d;
L_0x5ca6571a5b40/d .functor NAND 1, L_0x5ca6571a6060, L_0x5ca6571a5a30, C4<1>, C4<1>;
L_0x5ca6571a5b40 .delay 1 (1,1,1) L_0x5ca6571a5b40/d;
L_0x5ca6571a5d20/d .functor NAND 1, L_0x5ca6571a6100, L_0x5ca6571a5a30, C4<1>, C4<1>;
L_0x5ca6571a5d20 .delay 1 (1,1,1) L_0x5ca6571a5d20/d;
L_0x5ca6571a5e80/d .functor NAND 1, L_0x5ca6571a5b40, L_0x5ca6571a5d20, C4<1>, C4<1>;
L_0x5ca6571a5e80 .delay 1 (1,1,1) L_0x5ca6571a5e80/d;
v0x5ca65719bf50_0 .net "a", 0 0, L_0x5ca6571a6060;  1 drivers
v0x5ca65719c030_0 .net "b", 0 0, L_0x5ca6571a6100;  1 drivers
v0x5ca65719c0f0_0 .net "out", 0 0, L_0x5ca6571a5e80;  alias, 1 drivers
v0x5ca65719c190_0 .net "temp1", 0 0, L_0x5ca6571a5a30;  1 drivers
v0x5ca65719c250_0 .net "temp2", 0 0, L_0x5ca6571a5b40;  1 drivers
v0x5ca65719c360_0 .net "temp3", 0 0, L_0x5ca6571a5d20;  1 drivers
S_0x5ca65719c4a0 .scope module, "xor2" "xor_nand" 2 53, 2 24 0, S_0x5ca657199c30;
 .timescale -9 -9;
    .port_info 0 /INPUT 1 "a";
    .port_info 1 /INPUT 1 "b";
    .port_info 2 /OUTPUT 1 "out";
L_0x5ca6571a6250/d .functor NAND 1, L_0x5ca6571a5e80, L_0x5ca6571a5180, C4<1>, C4<1>;
L_0x5ca6571a6250 .delay 1 (1,1,1) L_0x5ca6571a6250/d;
L_0x5ca6571a6420/d .functor NAND 1, L_0x5ca6571a5e80, L_0x5ca6571a6250, C4<1>, C4<1>;
L_0x5ca6571a6420 .delay 1 (1,1,1) L_0x5ca6571a6420/d;
L_0x5ca6571a6580/d .functor NAND 1, L_0x5ca6571a5180, L_0x5ca6571a6250, C4<1>, C4<1>;
L_0x5ca6571a6580 .delay 1 (1,1,1) L_0x5ca6571a6580/d;
L_0x5ca6571a66e0/d .functor NAND 1, L_0x5ca6571a6420, L_0x5ca6571a6580, C4<1>, C4<1>;
L_0x5ca6571a66e0 .delay 1 (1,1,1) L_0x5ca6571a66e0/d;
v0x5ca65719c6d0_0 .net "a", 0 0, L_0x5ca6571a5e80;  alias, 1 drivers
v0x5ca65719c790_0 .net "b", 0 0, L_0x5ca6571a5180;  1 drivers
v0x5ca65719c830_0 .net "out", 0 0, L_0x5ca6571a66e0;  1 drivers
v0x5ca65719c900_0 .net "temp1", 0 0, L_0x5ca6571a6250;  1 drivers
v0x5ca65719c9c0_0 .net "temp2", 0 0, L_0x5ca6571a6420;  1 drivers
v0x5ca65719cad0_0 .net "temp3", 0 0, L_0x5ca6571a6580;  1 drivers
S_0x5ca65719d130 .scope generate, "genblk1[3]" "genblk1[3]" 2 49, 2 49 0, S_0x5ca657149070;
 .timescale -9 -9;
P_0x5ca65719d310 .param/l "i" 1 2 49, +C4<011>;
v0x5ca6571a0100_0 .net "temp1", 0 0, L_0x5ca6571a84b0;  1 drivers
v0x5ca6571a01f0_0 .net "temp2", 0 0, L_0x5ca6571a9390;  1 drivers
v0x5ca6571a0300_0 .net "temp3", 0 0, L_0x5ca6571a98f0;  1 drivers
v0x5ca6571a03f0_0 .net "temp4", 0 0, L_0x5ca6571a9e60;  1 drivers
v0x5ca6571a04e0_0 .net "temp5", 0 0, L_0x5ca6571aa480;  1 drivers
S_0x5ca65719d3d0 .scope module, "and1" "and_nand" 2 56, 2 3 0, S_0x5ca65719d130;
 .timescale -9 -9;
    .port_info 0 /INPUT 1 "a";
    .port_info 1 /INPUT 1 "b";
    .port_info 2 /OUTPUT 1 "out";
L_0x5ca6571a9280/d .functor NAND 1, L_0x5ca6571a94f0, L_0x5ca6571a96f0, C4<1>, C4<1>;
L_0x5ca6571a9280 .delay 1 (1,1,1) L_0x5ca6571a9280/d;
L_0x5ca6571a9390/d .functor NAND 1, L_0x5ca6571a9280, L_0x5ca6571a9280, C4<1>, C4<1>;
L_0x5ca6571a9390 .delay 1 (1,1,1) L_0x5ca6571a9390/d;
v0x5ca65719d620_0 .net "a", 0 0, L_0x5ca6571a94f0;  1 drivers
v0x5ca65719d700_0 .net "b", 0 0, L_0x5ca6571a96f0;  1 drivers
v0x5ca65719d7c0_0 .net "out", 0 0, L_0x5ca6571a9390;  alias, 1 drivers
v0x5ca65719d860_0 .net "temp", 0 0, L_0x5ca6571a9280;  1 drivers
S_0x5ca65719d9a0 .scope module, "and2" "and_nand" 2 57, 2 3 0, S_0x5ca65719d130;
 .timescale -9 -9;
    .port_info 0 /INPUT 1 "a";
    .port_info 1 /INPUT 1 "b";
    .port_info 2 /OUTPUT 1 "out";
L_0x5ca6571a97e0/d .functor NAND 1, L_0x5ca6571a9a50, L_0x5ca6571a9c60, C4<1>, C4<1>;
L_0x5ca6571a97e0 .delay 1 (1,1,1) L_0x5ca6571a97e0/d;
L_0x5ca6571a98f0/d .functor NAND 1, L_0x5ca6571a97e0, L_0x5ca6571a97e0, C4<1>, C4<1>;
L_0x5ca6571a98f0 .delay 1 (1,1,1) L_0x5ca6571a98f0/d;
v0x5ca65719dbd0_0 .net "a", 0 0, L_0x5ca6571a9a50;  1 drivers
v0x5ca65719dcb0_0 .net "b", 0 0, L_0x5ca6571a9c60;  1 drivers
v0x5ca65719dd70_0 .net "out", 0 0, L_0x5ca6571a98f0;  alias, 1 drivers
v0x5ca65719de10_0 .net "temp", 0 0, L_0x5ca6571a97e0;  1 drivers
S_0x5ca65719df50 .scope module, "and3" "and_nand" 2 58, 2 3 0, S_0x5ca65719d130;
 .timescale -9 -9;
    .port_info 0 /INPUT 1 "a";
    .port_info 1 /INPUT 1 "b";
    .port_info 2 /OUTPUT 1 "out";
L_0x5ca6571a9d50/d .functor NAND 1, L_0x5ca6571a9fc0, L_0x5ca6571a9b40, C4<1>, C4<1>;
L_0x5ca6571a9d50 .delay 1 (1,1,1) L_0x5ca6571a9d50/d;
L_0x5ca6571a9e60/d .functor NAND 1, L_0x5ca6571a9d50, L_0x5ca6571a9d50, C4<1>, C4<1>;
L_0x5ca6571a9e60 .delay 1 (1,1,1) L_0x5ca6571a9e60/d;
v0x5ca65719e180_0 .net "a", 0 0, L_0x5ca6571a9fc0;  1 drivers
v0x5ca65719e240_0 .net "b", 0 0, L_0x5ca6571a9b40;  1 drivers
v0x5ca65719e300_0 .net "out", 0 0, L_0x5ca6571a9e60;  alias, 1 drivers
v0x5ca65719e3a0_0 .net "temp", 0 0, L_0x5ca6571a9d50;  1 drivers
S_0x5ca65719e4e0 .scope module, "or1" "or_nand" 2 60, 2 13 0, S_0x5ca65719d130;
 .timescale -9 -9;
    .port_info 0 /INPUT 1 "a";
    .port_info 1 /INPUT 1 "b";
    .port_info 2 /OUTPUT 1 "out";
L_0x5ca6571aa1e0/d .functor NAND 1, L_0x5ca6571a9390, L_0x5ca6571a9390, C4<1>, C4<1>;
L_0x5ca6571aa1e0 .delay 1 (1,1,1) L_0x5ca6571aa1e0/d;
L_0x5ca6571aa330/d .functor NAND 1, L_0x5ca6571a98f0, L_0x5ca6571a98f0, C4<1>, C4<1>;
L_0x5ca6571aa330 .delay 1 (1,1,1) L_0x5ca6571aa330/d;
L_0x5ca6571aa480/d .functor NAND 1, L_0x5ca6571aa1e0, L_0x5ca6571aa330, C4<1>, C4<1>;
L_0x5ca6571aa480 .delay 1 (1,1,1) L_0x5ca6571aa480/d;
v0x5ca65719e710_0 .net "a", 0 0, L_0x5ca6571a9390;  alias, 1 drivers
v0x5ca65719e7d0_0 .net "b", 0 0, L_0x5ca6571a98f0;  alias, 1 drivers
v0x5ca65719e870_0 .net "out", 0 0, L_0x5ca6571aa480;  alias, 1 drivers
v0x5ca65719e940_0 .net "temp1", 0 0, L_0x5ca6571aa1e0;  1 drivers
v0x5ca65719e9e0_0 .net "temp2", 0 0, L_0x5ca6571aa330;  1 drivers
S_0x5ca65719eb50 .scope module, "or2" "or_nand" 2 61, 2 13 0, S_0x5ca65719d130;
 .timescale -9 -9;
    .port_info 0 /INPUT 1 "a";
    .port_info 1 /INPUT 1 "b";
    .port_info 2 /OUTPUT 1 "out";
L_0x5ca6571aa630/d .functor NAND 1, L_0x5ca6571aa480, L_0x5ca6571aa480, C4<1>, C4<1>;
L_0x5ca6571aa630 .delay 1 (1,1,1) L_0x5ca6571aa630/d;
L_0x5ca6571aa780/d .functor NAND 1, L_0x5ca6571a9e60, L_0x5ca6571a9e60, C4<1>, C4<1>;
L_0x5ca6571aa780 .delay 1 (1,1,1) L_0x5ca6571aa780/d;
L_0x5ca6571aa8d0/d .functor NAND 1, L_0x5ca6571aa630, L_0x5ca6571aa780, C4<1>, C4<1>;
L_0x5ca6571aa8d0 .delay 1 (1,1,1) L_0x5ca6571aa8d0/d;
v0x5ca65719edd0_0 .net "a", 0 0, L_0x5ca6571aa480;  alias, 1 drivers
v0x5ca65719ee90_0 .net "b", 0 0, L_0x5ca6571a9e60;  alias, 1 drivers
v0x5ca65719ef30_0 .net "out", 0 0, L_0x5ca6571aa8d0;  1 drivers
v0x5ca65719f000_0 .net "temp1", 0 0, L_0x5ca6571aa630;  1 drivers
v0x5ca65719f0a0_0 .net "temp2", 0 0, L_0x5ca6571aa780;  1 drivers
S_0x5ca65719f210 .scope module, "xor1" "xor_nand" 2 52, 2 24 0, S_0x5ca65719d130;
 .timescale -9 -9;
    .port_info 0 /INPUT 1 "a";
    .port_info 1 /INPUT 1 "b";
    .port_info 2 /OUTPUT 1 "out";
L_0x5ca6571a8060/d .functor NAND 1, L_0x5ca6571a8690, L_0x5ca6571a8820, C4<1>, C4<1>;
L_0x5ca6571a8060 .delay 1 (1,1,1) L_0x5ca6571a8060/d;
L_0x5ca6571a8170/d .functor NAND 1, L_0x5ca6571a8690, L_0x5ca6571a8060, C4<1>, C4<1>;
L_0x5ca6571a8170 .delay 1 (1,1,1) L_0x5ca6571a8170/d;
L_0x5ca6571a8350/d .functor NAND 1, L_0x5ca6571a8820, L_0x5ca6571a8060, C4<1>, C4<1>;
L_0x5ca6571a8350 .delay 1 (1,1,1) L_0x5ca6571a8350/d;
L_0x5ca6571a84b0/d .functor NAND 1, L_0x5ca6571a8170, L_0x5ca6571a8350, C4<1>, C4<1>;
L_0x5ca6571a84b0 .delay 1 (1,1,1) L_0x5ca6571a84b0/d;
v0x5ca65719f440_0 .net "a", 0 0, L_0x5ca6571a8690;  1 drivers
v0x5ca65719f520_0 .net "b", 0 0, L_0x5ca6571a8820;  1 drivers
v0x5ca65719f5e0_0 .net "out", 0 0, L_0x5ca6571a84b0;  alias, 1 drivers
v0x5ca65719f680_0 .net "temp1", 0 0, L_0x5ca6571a8060;  1 drivers
v0x5ca65719f740_0 .net "temp2", 0 0, L_0x5ca6571a8170;  1 drivers
v0x5ca65719f850_0 .net "temp3", 0 0, L_0x5ca6571a8350;  1 drivers
S_0x5ca65719f990 .scope module, "xor2" "xor_nand" 2 53, 2 24 0, S_0x5ca65719d130;
 .timescale -9 -9;
    .port_info 0 /INPUT 1 "a";
    .port_info 1 /INPUT 1 "b";
    .port_info 2 /OUTPUT 1 "out";
L_0x5ca6571a88c0/d .functor NAND 1, L_0x5ca6571a84b0, L_0x5ca6571a8eb0, C4<1>, C4<1>;
L_0x5ca6571a88c0 .delay 1 (1,1,1) L_0x5ca6571a88c0/d;
L_0x5ca6571a8a10/d .functor NAND 1, L_0x5ca6571a84b0, L_0x5ca6571a88c0, C4<1>, C4<1>;
L_0x5ca6571a8a10 .delay 1 (1,1,1) L_0x5ca6571a8a10/d;
L_0x5ca6571a8b70/d .functor NAND 1, L_0x5ca6571a8eb0, L_0x5ca6571a88c0, C4<1>, C4<1>;
L_0x5ca6571a8b70 .delay 1 (1,1,1) L_0x5ca6571a8b70/d;
L_0x5ca6571a8cd0/d .functor NAND 1, L_0x5ca6571a8a10, L_0x5ca6571a8b70, C4<1>, C4<1>;
L_0x5ca6571a8cd0 .delay 1 (1,1,1) L_0x5ca6571a8cd0/d;
v0x5ca65719fbc0_0 .net "a", 0 0, L_0x5ca6571a84b0;  alias, 1 drivers
v0x5ca65719fc80_0 .net "b", 0 0, L_0x5ca6571a8eb0;  1 drivers
v0x5ca65719fd20_0 .net "out", 0 0, L_0x5ca6571a8cd0;  1 drivers
v0x5ca65719fdf0_0 .net "temp1", 0 0, L_0x5ca6571a88c0;  1 drivers
v0x5ca65719feb0_0 .net "temp2", 0 0, L_0x5ca6571a8a10;  1 drivers
v0x5ca65719ffc0_0 .net "temp3", 0 0, L_0x5ca6571a8b70;  1 drivers
    .scope S_0x5ca657148ee0;
T_0 ;
    %vpi_call 2 83 "$dumpfile", "4bitadder.vcd" {0 0 0};
    %vpi_call 2 84 "$dumpvars", 32'sb00000000000000000000000000000000, S_0x5ca657148ee0 {0 0 0};
    %pushi/vec4 0, 0, 4;
    %store/vec4 v0x5ca6571a0cb0_0, 0, 4;
    %pushi/vec4 0, 0, 4;
    %store/vec4 v0x5ca6571a0d90_0, 0, 4;
    %pushi/vec4 0, 0, 1;
    %store/vec4 v0x5ca6571a0e30_0, 0, 1;
    %delay 50, 0;
    %vpi_call 2 91 "$display", "%0t %b  %b (%b)  %b (%b)", $time, v0x5ca6571a0cb0_0, v0x5ca6571a0d90_0, v0x5ca6571a0e30_0, v0x5ca6571a0f70_0, v0x5ca6571a0ed0_0 {0 0 0};
    %vpi_call 2 92 "$display", "done" {0 0 0};
    %pushi/vec4 15, 0, 4;
    %store/vec4 v0x5ca6571a0cb0_0, 0, 4;
    %pushi/vec4 0, 0, 4;
    %store/vec4 v0x5ca6571a0d90_0, 0, 4;
    %pushi/vec4 1, 0, 1;
    %store/vec4 v0x5ca6571a0e30_0, 0, 1;
    %delay 50, 0;
    %vpi_call 2 98 "$display", "%0t %b  %b (%b)  %b (%b)", $time, v0x5ca6571a0cb0_0, v0x5ca6571a0d90_0, v0x5ca6571a0e30_0, v0x5ca6571a0f70_0, v0x5ca6571a0ed0_0 {0 0 0};
    %vpi_call 2 99 "$display", "done" {0 0 0};
    %pushi/vec4 15, 0, 4;
    %store/vec4 v0x5ca6571a0cb0_0, 0, 4;
    %pushi/vec4 15, 0, 4;
    %store/vec4 v0x5ca6571a0d90_0, 0, 4;
    %pushi/vec4 0, 0, 1;
    %store/vec4 v0x5ca6571a0e30_0, 0, 1;
    %delay 50, 0;
    %vpi_call 2 105 "$display", "%0t %b  %b (%b)  %b (%b)", $time, v0x5ca6571a0cb0_0, v0x5ca6571a0d90_0, v0x5ca6571a0e30_0, v0x5ca6571a0f70_0, v0x5ca6571a0ed0_0 {0 0 0};
    %vpi_call 2 106 "$display", "done" {0 0 0};
    %pushi/vec4 0, 0, 4;
    %store/vec4 v0x5ca6571a0cb0_0, 0, 4;
    %pushi/vec4 0, 0, 4;
    %store/vec4 v0x5ca6571a0d90_0, 0, 4;
    %pushi/vec4 1, 0, 1;
    %store/vec4 v0x5ca6571a0e30_0, 0, 1;
    %delay 50, 0;
    %vpi_call 2 112 "$display", "%0t %b  %b (%b)  %b (%b)", $time, v0x5ca6571a0cb0_0, v0x5ca6571a0d90_0, v0x5ca6571a0e30_0, v0x5ca6571a0f70_0, v0x5ca6571a0ed0_0 {0 0 0};
    %vpi_call 2 113 "$display", "done" {0 0 0};
    %pushi/vec4 10, 0, 4;
    %store/vec4 v0x5ca6571a0cb0_0, 0, 4;
    %pushi/vec4 5, 0, 4;
    %store/vec4 v0x5ca6571a0d90_0, 0, 4;
    %pushi/vec4 0, 0, 1;
    %store/vec4 v0x5ca6571a0e30_0, 0, 1;
    %delay 50, 0;
    %vpi_call 2 117 "$display", "%0t %b  %b (%b)  %b (%b)", $time, v0x5ca6571a0cb0_0, v0x5ca6571a0d90_0, v0x5ca6571a0e30_0, v0x5ca6571a0f70_0, v0x5ca6571a0ed0_0 {0 0 0};
    %end;
    .thread T_0;
# The file index is used to find the file name in the following table.
:file_names 3;
    "N/A";
    "<interactive>";
    "4bitadder_nand.v";
