#! /usr/bin/vvp
:ivl_version "12.0 (stable)" "(v12_0-dirty)";
:ivl_delay_selection "TYPICAL";
:vpi_time_precision + 0;
:vpi_module "/usr/lib/ivl/system.vpi";
:vpi_module "/usr/lib/ivl/vhdl_sys.vpi";
:vpi_module "/usr/lib/ivl/vhdl_textio.vpi";
:vpi_module "/usr/lib/ivl/v2005_math.vpi";
:vpi_module "/usr/lib/ivl/va_math.vpi";
S_0x5c5b23dfd150 .scope module, "synchronousUpCounter_tb" "synchronousUpCounter_tb" 2 24;
 .timescale 0 0;
v0x5c5b23e4f110_0 .var "clk", 0 0;
v0x5c5b23e4f1d0_0 .net "count", 3 0, v0x5c5b23e4ee50_0;  1 drivers
v0x5c5b23e4f270_0 .var "enable", 0 0;
v0x5c5b23e4f370_0 .var "reset", 0 0;
S_0x5c5b23dfd2e0 .scope module, "uut" "top_module" 2 32, 2 1 0, S_0x5c5b23dfd150;
 .timescale 0 0;
    .port_info 0 /INPUT 1 "clk";
    .port_info 1 /INPUT 1 "reset";
    .port_info 2 /INPUT 1 "enable";
    .port_info 3 /OUTPUT 4 "count";
v0x5c5b23dfd530_0 .net "clk", 0 0, v0x5c5b23e4f110_0;  1 drivers
v0x5c5b23e4ee50_0 .var "count", 3 0;
v0x5c5b23e4ef30_0 .net "enable", 0 0, v0x5c5b23e4f270_0;  1 drivers
v0x5c5b23e4efd0_0 .net "reset", 0 0, v0x5c5b23e4f370_0;  1 drivers
E_0x5c5b23e39a90 .event posedge, v0x5c5b23e4efd0_0, v0x5c5b23dfd530_0;
    .scope S_0x5c5b23dfd2e0;
T_0 ;
    %pushi/vec4 0, 0, 4;
    %store/vec4 v0x5c5b23e4ee50_0, 0, 4;
    %end;
    .thread T_0;
    .scope S_0x5c5b23dfd2e0;
T_1 ;
    %wait E_0x5c5b23e39a90;
    %load/vec4 v0x5c5b23e4efd0_0;
    %flag_set/vec4 8;
    %jmp/0xz  T_1.0, 8;
    %pushi/vec4 0, 0, 4;
    %store/vec4 v0x5c5b23e4ee50_0, 0, 4;
    %jmp T_1.1;
T_1.0 ;
    %load/vec4 v0x5c5b23e4ef30_0;
    %flag_set/vec4 8;
    %jmp/0xz  T_1.2, 8;
    %load/vec4 v0x5c5b23e4ee50_0;
    %parti/s 1, 0, 2;
    %inv;
    %ix/load 4, 0, 0;
    %ix/load 5, 0, 0;
    %flag_set/imm 4, 0;
    %assign/vec4/off/d v0x5c5b23e4ee50_0, 4, 5;
    %load/vec4 v0x5c5b23e4ee50_0;
    %parti/s 1, 1, 2;
    %load/vec4 v0x5c5b23e4ee50_0;
    %parti/s 1, 0, 2;
    %xor;
    %ix/load 4, 1, 0;
    %ix/load 5, 0, 0;
    %flag_set/imm 4, 0;
    %assign/vec4/off/d v0x5c5b23e4ee50_0, 4, 5;
    %load/vec4 v0x5c5b23e4ee50_0;
    %parti/s 1, 2, 3;
    %load/vec4 v0x5c5b23e4ee50_0;
    %parti/s 1, 0, 2;
    %load/vec4 v0x5c5b23e4ee50_0;
    %parti/s 1, 1, 2;
    %and;
    %xor;
    %ix/load 4, 2, 0;
    %ix/load 5, 0, 0;
    %flag_set/imm 4, 0;
    %assign/vec4/off/d v0x5c5b23e4ee50_0, 4, 5;
    %load/vec4 v0x5c5b23e4ee50_0;
    %parti/s 1, 3, 3;
    %load/vec4 v0x5c5b23e4ee50_0;
    %parti/s 1, 0, 2;
    %load/vec4 v0x5c5b23e4ee50_0;
    %parti/s 1, 1, 2;
    %and;
    %load/vec4 v0x5c5b23e4ee50_0;
    %parti/s 1, 2, 3;
    %and;
    %xor;
    %ix/load 4, 3, 0;
    %ix/load 5, 0, 0;
    %flag_set/imm 4, 0;
    %assign/vec4/off/d v0x5c5b23e4ee50_0, 4, 5;
T_1.2 ;
T_1.1 ;
    %jmp T_1;
    .thread T_1;
    .scope S_0x5c5b23dfd150;
T_2 ;
    %pushi/vec4 0, 0, 1;
    %store/vec4 v0x5c5b23e4f110_0, 0, 1;
    %pushi/vec4 0, 0, 1;
    %store/vec4 v0x5c5b23e4f370_0, 0, 1;
    %pushi/vec4 0, 0, 1;
    %store/vec4 v0x5c5b23e4f270_0, 0, 1;
    %end;
    .thread T_2;
    .scope S_0x5c5b23dfd150;
T_3 ;
    %delay 5, 0;
    %load/vec4 v0x5c5b23e4f110_0;
    %inv;
    %store/vec4 v0x5c5b23e4f110_0, 0, 1;
    %jmp T_3;
    .thread T_3;
    .scope S_0x5c5b23dfd150;
T_4 ;
    %vpi_call 2 43 "$dumpfile", "wave.vcd" {0 0 0};
    %vpi_call 2 44 "$dumpvars", 32'sb00000000000000000000000000000000, S_0x5c5b23dfd150 {0 0 0};
    %pushi/vec4 1, 0, 1;
    %store/vec4 v0x5c5b23e4f370_0, 0, 1;
    %pushi/vec4 0, 0, 1;
    %store/vec4 v0x5c5b23e4f270_0, 0, 1;
    %delay 10, 0;
    %pushi/vec4 0, 0, 1;
    %store/vec4 v0x5c5b23e4f370_0, 0, 1;
    %pushi/vec4 1, 0, 1;
    %store/vec4 v0x5c5b23e4f270_0, 0, 1;
    %delay 153, 0;
    %pushi/vec4 1, 0, 1;
    %store/vec4 v0x5c5b23e4f370_0, 0, 1;
    %delay 10, 0;
    %pushi/vec4 0, 0, 1;
    %store/vec4 v0x5c5b23e4f370_0, 0, 1;
    %delay 10, 0;
    %delay 100, 0;
    %vpi_call 2 65 "$finish" {0 0 0};
    %end;
    .thread T_4;
    .scope S_0x5c5b23dfd150;
T_5 ;
    %vpi_call 2 69 "$display", "Time\011clk\011reset\011enable\011count" {0 0 0};
    %vpi_call 2 70 "$monitor", "%0t\011%b\011%b\011%b\011%04b", $time, v0x5c5b23e4f110_0, v0x5c5b23e4f370_0, v0x5c5b23e4f270_0, v0x5c5b23e4f1d0_0 {0 0 0};
    %end;
    .thread T_5;
# The file index is used to find the file name in the following table.
:file_names 3;
    "N/A";
    "<interactive>";
    "q2.v";
