#! /usr/bin/vvp
:ivl_version "12.0 (stable)" "(v12_0-dirty)";
:ivl_delay_selection "TYPICAL";
:vpi_time_precision - 3;
:vpi_module "/usr/lib/ivl/system.vpi";
:vpi_module "/usr/lib/ivl/vhdl_sys.vpi";
:vpi_module "/usr/lib/ivl/vhdl_textio.vpi";
:vpi_module "/usr/lib/ivl/v2005_math.vpi";
:vpi_module "/usr/lib/ivl/va_math.vpi";
:vpi_module "/usr/lib/ivl/v2009.vpi";
S_0x5b5b2aac01a0 .scope package, "$unit" "$unit" 2 1;
 .timescale 0 0;
S_0x5b5b2aac0330 .scope module, "testbench" "testbench" 3 3;
 .timescale 0 -3;
v0x5b5b2ab05050_0 .net "alarm_buzzer", 0 0, v0x5b5b2ab03640_0;  1 drivers
v0x5b5b2ab05110_0 .var "alarm_enable", 0 0;
v0x5b5b2ab051b0_0 .var "alarm_hour", 4 0;
v0x5b5b2ab05250_0 .var "alarm_min", 5 0;
v0x5b5b2ab05320_0 .var "alarm_sec", 5 0;
v0x5b5b2ab053c0_0 .var "clk", 0 0;
v0x5b5b2ab05490_0 .net "day", 4 0, v0x5b5b2ab03c30_0;  1 drivers
v0x5b5b2ab05560_0 .var/i "display_mode", 31 0;
v0x5b5b2ab05600_0 .var/i "file", 31 0;
v0x5b5b2ab056a0_0 .net "hour", 4 0, v0x5b5b2ab03d10_0;  1 drivers
v0x5b5b2ab05790_0 .net "min", 5 0, v0x5b5b2ab03df0_0;  1 drivers
v0x5b5b2ab05860_0 .var/i "mode", 31 0;
v0x5b5b2ab05920_0 .net "month", 3 0, v0x5b5b2ab03ed0_0;  1 drivers
v0x5b5b2ab05a10_0 .var/i "res", 31 0;
v0x5b5b2ab05ad0_0 .var "reset", 0 0;
v0x5b5b2ab05ba0_0 .net "sec", 5 0, v0x5b5b2ab04070_0;  1 drivers
v0x5b5b2ab05c70_0 .var "set_day", 4 0;
v0x5b5b2ab05d40_0 .var "set_hour", 4 0;
v0x5b5b2ab05e10_0 .var "set_min", 5 0;
v0x5b5b2ab05ee0_0 .var "set_month", 3 0;
v0x5b5b2ab05fb0_0 .var "set_sec", 5 0;
v0x5b5b2ab06080_0 .var "set_year", 11 0;
v0x5b5b2ab06150_0 .var/i "ticks_after_event", 31 0;
v0x5b5b2ab06210_0 .net "timer_buzzer", 0 0, v0x5b5b2ab04690_0;  1 drivers
L_0x71bbe5569018 .functor BUFT 1, C4<000000>, C4<0>, C4<0>, C4<0>;
RS_0x71bbe55b2468 .resolv tri, v0x5b5b2ab04750_0, L_0x71bbe5569018;
v0x5b5b2ab062e0_0 .net8 "timer_count_min", 5 0, RS_0x71bbe55b2468;  2 drivers
L_0x71bbe5569060 .functor BUFT 1, C4<000000>, C4<0>, C4<0>, C4<0>;
RS_0x71bbe55b2498 .resolv tri, v0x5b5b2ab04830_0, L_0x71bbe5569060;
v0x5b5b2ab063b0_0 .net8 "timer_count_sec", 5 0, RS_0x71bbe55b2498;  2 drivers
v0x5b5b2ab06480_0 .var/i "timer_done", 31 0;
v0x5b5b2ab06540_0 .var "timer_min", 5 0;
v0x5b5b2ab06630_0 .var "timer_sec", 5 0;
v0x5b5b2ab06700_0 .var "timer_start", 0 0;
v0x5b5b2ab067d0_0 .net "year", 11 0, v0x5b5b2ab04c50_0;  1 drivers
S_0x5b5b2aa73560 .scope module, "uut" "digital_clock" 3 35, 4 16 0, S_0x5b5b2aac0330;
 .timescale 0 -3;
    .port_info 0 /INPUT 1 "clk";
    .port_info 1 /INPUT 1 "reset";
    .port_info 2 /INPUT 5 "set_hour";
    .port_info 3 /INPUT 6 "set_min";
    .port_info 4 /INPUT 6 "set_sec";
    .port_info 5 /INPUT 5 "set_day";
    .port_info 6 /INPUT 4 "set_month";
    .port_info 7 /INPUT 12 "set_year";
    .port_info 8 /INPUT 5 "alarm_hour";
    .port_info 9 /INPUT 6 "alarm_min";
    .port_info 10 /INPUT 6 "alarm_sec";
    .port_info 11 /INPUT 1 "alarm_enable";
    .port_info 12 /INPUT 6 "timer_min";
    .port_info 13 /INPUT 6 "timer_sec";
    .port_info 14 /INPUT 1 "timer_start";
    .port_info 15 /OUTPUT 5 "hour";
    .port_info 16 /OUTPUT 6 "min";
    .port_info 17 /OUTPUT 6 "sec";
    .port_info 18 /OUTPUT 5 "day";
    .port_info 19 /OUTPUT 4 "month";
    .port_info 20 /OUTPUT 12 "year";
    .port_info 21 /OUTPUT 6 "timer_count_min";
    .port_info 22 /OUTPUT 6 "timer_count_sec";
    .port_info 23 /OUTPUT 1 "alarm_buzzer";
    .port_info 24 /OUTPUT 1 "timer_buzzer";
v0x5b5b2ab03640_0 .var "alarm_buzzer", 0 0;
v0x5b5b2ab03720_0 .net "alarm_enable", 0 0, v0x5b5b2ab05110_0;  1 drivers
v0x5b5b2ab037e0_0 .net "alarm_hour", 4 0, v0x5b5b2ab051b0_0;  1 drivers
v0x5b5b2ab038a0_0 .net "alarm_min", 5 0, v0x5b5b2ab05250_0;  1 drivers
v0x5b5b2ab03980_0 .net "alarm_sec", 5 0, v0x5b5b2ab05320_0;  1 drivers
v0x5b5b2ab03ab0_0 .var "alarm_triggered", 0 0;
v0x5b5b2ab03b70_0 .net "clk", 0 0, v0x5b5b2ab053c0_0;  1 drivers
v0x5b5b2ab03c30_0 .var "day", 4 0;
v0x5b5b2ab03d10_0 .var "hour", 4 0;
v0x5b5b2ab03df0_0 .var "min", 5 0;
v0x5b5b2ab03ed0_0 .var "month", 3 0;
v0x5b5b2ab03fb0_0 .net "reset", 0 0, v0x5b5b2ab05ad0_0;  1 drivers
v0x5b5b2ab04070_0 .var "sec", 5 0;
v0x5b5b2ab04150_0 .net "set_day", 4 0, v0x5b5b2ab05c70_0;  1 drivers
v0x5b5b2ab04230_0 .net "set_hour", 4 0, v0x5b5b2ab05d40_0;  1 drivers
v0x5b5b2ab04310_0 .net "set_min", 5 0, v0x5b5b2ab05e10_0;  1 drivers
v0x5b5b2ab043f0_0 .net "set_month", 3 0, v0x5b5b2ab05ee0_0;  1 drivers
v0x5b5b2ab044d0_0 .net "set_sec", 5 0, v0x5b5b2ab05fb0_0;  1 drivers
v0x5b5b2ab045b0_0 .net "set_year", 11 0, v0x5b5b2ab06080_0;  1 drivers
v0x5b5b2ab04690_0 .var "timer_buzzer", 0 0;
v0x5b5b2ab04750_0 .var "timer_count_min", 5 0;
v0x5b5b2ab04830_0 .var "timer_count_sec", 5 0;
v0x5b5b2ab04910_0 .net "timer_min", 5 0, v0x5b5b2ab06540_0;  1 drivers
v0x5b5b2ab049f0_0 .var "timer_running", 0 0;
v0x5b5b2ab04ab0_0 .net "timer_sec", 5 0, v0x5b5b2ab06630_0;  1 drivers
v0x5b5b2ab04b90_0 .net "timer_start", 0 0, v0x5b5b2ab06700_0;  1 drivers
v0x5b5b2ab04c50_0 .var "year", 11 0;
E_0x5b5b2aab2060 .event posedge, v0x5b5b2ab03fb0_0, v0x5b5b2ab03b70_0;
S_0x5b5b2aae50b0 .scope function.vec4.s6, "days_in_month" "days_in_month" 4 60, 4 60 0, S_0x5b5b2aa73560;
 .timescale 0 -3;
; Variable days_in_month is vec4 return value of scope S_0x5b5b2aae50b0
v0x5b5b2ab034a0_0 .var "m", 3 0;
v0x5b5b2ab03580_0 .var "y", 11 0;
TD_testbench.uut.days_in_month ;
    %load/vec4 v0x5b5b2ab034a0_0;
    %dup/vec4;
    %pushi/vec4 1, 0, 4;
    %cmp/u;
    %jmp/1 T_0.0, 6;
    %dup/vec4;
    %pushi/vec4 3, 0, 4;
    %cmp/u;
    %jmp/1 T_0.1, 6;
    %dup/vec4;
    %pushi/vec4 5, 0, 4;
    %cmp/u;
    %jmp/1 T_0.2, 6;
    %dup/vec4;
    %pushi/vec4 7, 0, 4;
    %cmp/u;
    %jmp/1 T_0.3, 6;
    %dup/vec4;
    %pushi/vec4 8, 0, 4;
    %cmp/u;
    %jmp/1 T_0.4, 6;
    %dup/vec4;
    %pushi/vec4 10, 0, 4;
    %cmp/u;
    %jmp/1 T_0.5, 6;
    %dup/vec4;
    %pushi/vec4 12, 0, 4;
    %cmp/u;
    %jmp/1 T_0.6, 6;
    %dup/vec4;
    %pushi/vec4 4, 0, 4;
    %cmp/u;
    %jmp/1 T_0.7, 6;
    %dup/vec4;
    %pushi/vec4 6, 0, 4;
    %cmp/u;
    %jmp/1 T_0.8, 6;
    %dup/vec4;
    %pushi/vec4 9, 0, 4;
    %cmp/u;
    %jmp/1 T_0.9, 6;
    %dup/vec4;
    %pushi/vec4 11, 0, 4;
    %cmp/u;
    %jmp/1 T_0.10, 6;
    %dup/vec4;
    %pushi/vec4 2, 0, 4;
    %cmp/u;
    %jmp/1 T_0.11, 6;
    %pushi/vec4 30, 0, 6;
    %ret/vec4 0, 0, 6;  Assign to days_in_month (store_vec4_to_lval)
    %jmp T_0.13;
T_0.0 ;
    %pushi/vec4 31, 0, 6;
    %ret/vec4 0, 0, 6;  Assign to days_in_month (store_vec4_to_lval)
    %jmp T_0.13;
T_0.1 ;
    %pushi/vec4 31, 0, 6;
    %ret/vec4 0, 0, 6;  Assign to days_in_month (store_vec4_to_lval)
    %jmp T_0.13;
T_0.2 ;
    %pushi/vec4 31, 0, 6;
    %ret/vec4 0, 0, 6;  Assign to days_in_month (store_vec4_to_lval)
    %jmp T_0.13;
T_0.3 ;
    %pushi/vec4 31, 0, 6;
    %ret/vec4 0, 0, 6;  Assign to days_in_month (store_vec4_to_lval)
    %jmp T_0.13;
T_0.4 ;
    %pushi/vec4 31, 0, 6;
    %ret/vec4 0, 0, 6;  Assign to days_in_month (store_vec4_to_lval)
    %jmp T_0.13;
T_0.5 ;
    %pushi/vec4 31, 0, 6;
    %ret/vec4 0, 0, 6;  Assign to days_in_month (store_vec4_to_lval)
    %jmp T_0.13;
T_0.6 ;
    %pushi/vec4 31, 0, 6;
    %ret/vec4 0, 0, 6;  Assign to days_in_month (store_vec4_to_lval)
    %jmp T_0.13;
T_0.7 ;
    %pushi/vec4 30, 0, 6;
    %ret/vec4 0, 0, 6;  Assign to days_in_month (store_vec4_to_lval)
    %jmp T_0.13;
T_0.8 ;
    %pushi/vec4 30, 0, 6;
    %ret/vec4 0, 0, 6;  Assign to days_in_month (store_vec4_to_lval)
    %jmp T_0.13;
T_0.9 ;
    %pushi/vec4 30, 0, 6;
    %ret/vec4 0, 0, 6;  Assign to days_in_month (store_vec4_to_lval)
    %jmp T_0.13;
T_0.10 ;
    %pushi/vec4 30, 0, 6;
    %ret/vec4 0, 0, 6;  Assign to days_in_month (store_vec4_to_lval)
    %jmp T_0.13;
T_0.11 ;
    %load/vec4 v0x5b5b2ab03580_0;
    %pad/u 32;
    %pushi/vec4 4, 0, 32;
    %mod;
    %cmpi/e 0, 0, 32;
    %flag_get/vec4 4;
    %jmp/0 T_0.17, 4;
    %load/vec4 v0x5b5b2ab03580_0;
    %pad/u 32;
    %pushi/vec4 100, 0, 32;
    %mod;
    %pushi/vec4 0, 0, 32;
    %cmp/ne;
    %flag_get/vec4 4;
    %and;
T_0.17;
    %flag_set/vec4 8;
    %jmp/1 T_0.16, 8;
    %load/vec4 v0x5b5b2ab03580_0;
    %pad/u 32;
    %pushi/vec4 400, 0, 32;
    %mod;
    %cmpi/e 0, 0, 32;
    %flag_or 8, 4;
T_0.16;
    %jmp/0 T_0.14, 8;
    %pushi/vec4 29, 0, 6;
    %jmp/1 T_0.15, 8;
T_0.14 ; End of true expr.
    %pushi/vec4 28, 0, 6;
    %jmp/0 T_0.15, 8;
 ; End of false expr.
    %blend;
T_0.15;
    %ret/vec4 0, 0, 6;  Assign to days_in_month (store_vec4_to_lval)
    %jmp T_0.13;
T_0.13 ;
    %pop/vec4 1;
    %end;
    .scope S_0x5b5b2aa73560;
T_1 ;
    %pushi/vec4 0, 0, 1;
    %store/vec4 v0x5b5b2ab049f0_0, 0, 1;
    %pushi/vec4 0, 0, 1;
    %store/vec4 v0x5b5b2ab03ab0_0, 0, 1;
    %end;
    .thread T_1, $init;
    .scope S_0x5b5b2aa73560;
T_2 ;
    %pushi/vec4 0, 0, 5;
    %store/vec4 v0x5b5b2ab03d10_0, 0, 5;
    %pushi/vec4 0, 0, 6;
    %store/vec4 v0x5b5b2ab03df0_0, 0, 6;
    %pushi/vec4 0, 0, 6;
    %store/vec4 v0x5b5b2ab04070_0, 0, 6;
    %pushi/vec4 1, 0, 5;
    %store/vec4 v0x5b5b2ab03c30_0, 0, 5;
    %pushi/vec4 1, 0, 4;
    %store/vec4 v0x5b5b2ab03ed0_0, 0, 4;
    %pushi/vec4 2020, 0, 12;
    %store/vec4 v0x5b5b2ab04c50_0, 0, 12;
    %pushi/vec4 0, 0, 1;
    %store/vec4 v0x5b5b2ab03640_0, 0, 1;
    %pushi/vec4 0, 0, 1;
    %store/vec4 v0x5b5b2ab04690_0, 0, 1;
    %pushi/vec4 0, 0, 6;
    %store/vec4 v0x5b5b2ab04830_0, 0, 6;
    %pushi/vec4 0, 0, 6;
    %store/vec4 v0x5b5b2ab04750_0, 0, 6;
    %end;
    .thread T_2;
    .scope S_0x5b5b2aa73560;
T_3 ;
    %wait E_0x5b5b2aab2060;
    %load/vec4 v0x5b5b2ab04690_0;
    %flag_set/vec4 8;
    %jmp/0xz  T_3.0, 8;
    %pushi/vec4 0, 0, 1;
    %assign/vec4 v0x5b5b2ab04690_0, 0;
T_3.0 ;
    %load/vec4 v0x5b5b2ab03640_0;
    %flag_set/vec4 8;
    %jmp/0xz  T_3.2, 8;
    %pushi/vec4 0, 0, 1;
    %assign/vec4 v0x5b5b2ab03640_0, 0;
T_3.2 ;
    %load/vec4 v0x5b5b2ab03fb0_0;
    %flag_set/vec4 8;
    %jmp/0xz  T_3.4, 8;
    %load/vec4 v0x5b5b2ab04230_0;
    %assign/vec4 v0x5b5b2ab03d10_0, 0;
    %load/vec4 v0x5b5b2ab04310_0;
    %assign/vec4 v0x5b5b2ab03df0_0, 0;
    %load/vec4 v0x5b5b2ab044d0_0;
    %assign/vec4 v0x5b5b2ab04070_0, 0;
    %load/vec4 v0x5b5b2ab04150_0;
    %assign/vec4 v0x5b5b2ab03c30_0, 0;
    %load/vec4 v0x5b5b2ab043f0_0;
    %assign/vec4 v0x5b5b2ab03ed0_0, 0;
    %load/vec4 v0x5b5b2ab045b0_0;
    %assign/vec4 v0x5b5b2ab04c50_0, 0;
    %pushi/vec4 0, 0, 1;
    %assign/vec4 v0x5b5b2ab03ab0_0, 0;
    %pushi/vec4 0, 0, 1;
    %assign/vec4 v0x5b5b2ab03640_0, 0;
    %pushi/vec4 0, 0, 1;
    %assign/vec4 v0x5b5b2ab04690_0, 0;
    %pushi/vec4 0, 0, 1;
    %assign/vec4 v0x5b5b2ab049f0_0, 0;
    %jmp T_3.5;
T_3.4 ;
    %load/vec4 v0x5b5b2ab04070_0;
    %addi 1, 0, 6;
    %assign/vec4 v0x5b5b2ab04070_0, 0;
    %load/vec4 v0x5b5b2ab04070_0;
    %pad/u 32;
    %cmpi/e 59, 0, 32;
    %jmp/0xz  T_3.6, 4;
    %pushi/vec4 0, 0, 6;
    %assign/vec4 v0x5b5b2ab04070_0, 0;
    %load/vec4 v0x5b5b2ab03df0_0;
    %addi 1, 0, 6;
    %assign/vec4 v0x5b5b2ab03df0_0, 0;
    %load/vec4 v0x5b5b2ab03df0_0;
    %pad/u 32;
    %cmpi/e 59, 0, 32;
    %jmp/0xz  T_3.8, 4;
    %pushi/vec4 0, 0, 6;
    %assign/vec4 v0x5b5b2ab03df0_0, 0;
    %load/vec4 v0x5b5b2ab03d10_0;
    %addi 1, 0, 5;
    %assign/vec4 v0x5b5b2ab03d10_0, 0;
    %load/vec4 v0x5b5b2ab03d10_0;
    %pad/u 32;
    %cmpi/e 23, 0, 32;
    %jmp/0xz  T_3.10, 4;
    %pushi/vec4 0, 0, 5;
    %assign/vec4 v0x5b5b2ab03d10_0, 0;
    %load/vec4 v0x5b5b2ab03c30_0;
    %addi 1, 0, 5;
    %assign/vec4 v0x5b5b2ab03c30_0, 0;
    %load/vec4 v0x5b5b2ab03ed0_0;
    %load/vec4 v0x5b5b2ab04c50_0;
    %store/vec4 v0x5b5b2ab03580_0, 0, 12;
    %store/vec4 v0x5b5b2ab034a0_0, 0, 4;
    %callf/vec4 TD_testbench.uut.days_in_month, S_0x5b5b2aae50b0;
    %pad/u 32;
    %subi 1, 0, 32;
    %load/vec4 v0x5b5b2ab03c30_0;
    %pad/u 32;
    %cmp/u;
    %jmp/0xz  T_3.12, 5;
    %pushi/vec4 1, 0, 5;
    %assign/vec4 v0x5b5b2ab03c30_0, 0;
    %load/vec4 v0x5b5b2ab03ed0_0;
    %addi 1, 0, 4;
    %assign/vec4 v0x5b5b2ab03ed0_0, 0;
    %load/vec4 v0x5b5b2ab03ed0_0;
    %pad/u 32;
    %cmpi/u 11, 0, 32;
    %flag_or 5, 4; GT is !LE
    %flag_inv 5;
    %jmp/0xz  T_3.14, 5;
    %pushi/vec4 1, 0, 4;
    %assign/vec4 v0x5b5b2ab03ed0_0, 0;
    %load/vec4 v0x5b5b2ab04c50_0;
    %addi 1, 0, 12;
    %assign/vec4 v0x5b5b2ab04c50_0, 0;
    %load/vec4 v0x5b5b2ab04c50_0;
    %pad/u 32;
    %cmpi/u 2025, 0, 32;
    %flag_or 5, 4; GT is !LE
    %flag_inv 5;
    %jmp/0xz  T_3.16, 5;
    %pushi/vec4 2020, 0, 12;
    %assign/vec4 v0x5b5b2ab04c50_0, 0;
T_3.16 ;
T_3.14 ;
T_3.12 ;
T_3.10 ;
T_3.8 ;
T_3.6 ;
    %load/vec4 v0x5b5b2ab03720_0;
    %flag_set/vec4 12;
    %flag_get/vec4 12;
    %jmp/0 T_3.23, 12;
    %load/vec4 v0x5b5b2ab03ab0_0;
    %nor/r;
    %and;
T_3.23;
    %flag_set/vec4 11;
    %flag_get/vec4 11;
    %jmp/0 T_3.22, 11;
    %load/vec4 v0x5b5b2ab03d10_0;
    %load/vec4 v0x5b5b2ab037e0_0;
    %cmp/e;
    %flag_get/vec4 4;
    %and;
T_3.22;
    %flag_set/vec4 10;
    %flag_get/vec4 10;
    %jmp/0 T_3.21, 10;
    %load/vec4 v0x5b5b2ab03df0_0;
    %load/vec4 v0x5b5b2ab038a0_0;
    %cmp/e;
    %flag_get/vec4 4;
    %and;
T_3.21;
    %flag_set/vec4 9;
    %flag_get/vec4 9;
    %jmp/0 T_3.20, 9;
    %load/vec4 v0x5b5b2ab04070_0;
    %pad/u 32;
    %addi 1, 0, 32;
    %load/vec4 v0x5b5b2ab03980_0;
    %pad/u 32;
    %cmp/e;
    %flag_get/vec4 4;
    %and;
T_3.20;
    %flag_set/vec4 8;
    %jmp/0xz  T_3.18, 8;
    %pushi/vec4 1, 0, 1;
    %assign/vec4 v0x5b5b2ab03640_0, 0;
    %pushi/vec4 1, 0, 1;
    %assign/vec4 v0x5b5b2ab03ab0_0, 0;
T_3.18 ;
    %load/vec4 v0x5b5b2ab04b90_0;
    %flag_set/vec4 9;
    %flag_get/vec4 9;
    %jmp/0 T_3.26, 9;
    %load/vec4 v0x5b5b2ab049f0_0;
    %nor/r;
    %and;
T_3.26;
    %flag_set/vec4 8;
    %jmp/0xz  T_3.24, 8;
    %load/vec4 v0x5b5b2ab04910_0;
    %assign/vec4 v0x5b5b2ab04750_0, 0;
    %load/vec4 v0x5b5b2ab04ab0_0;
    %assign/vec4 v0x5b5b2ab04830_0, 0;
    %pushi/vec4 1, 0, 1;
    %assign/vec4 v0x5b5b2ab049f0_0, 0;
    %pushi/vec4 0, 0, 1;
    %assign/vec4 v0x5b5b2ab04690_0, 0;
T_3.24 ;
    %load/vec4 v0x5b5b2ab049f0_0;
    %flag_set/vec4 8;
    %jmp/0xz  T_3.27, 8;
    %load/vec4 v0x5b5b2ab04750_0;
    %pad/u 32;
    %cmpi/e 0, 0, 32;
    %flag_get/vec4 4;
    %jmp/0 T_3.31, 4;
    %load/vec4 v0x5b5b2ab04830_0;
    %pad/u 32;
    %pushi/vec4 1, 0, 32;
    %cmp/e;
    %flag_get/vec4 4;
    %and;
T_3.31;
    %flag_set/vec4 8;
    %jmp/0xz  T_3.29, 8;
    %pushi/vec4 1, 0, 1;
    %assign/vec4 v0x5b5b2ab04690_0, 0;
    %pushi/vec4 0, 0, 1;
    %assign/vec4 v0x5b5b2ab049f0_0, 0;
    %pushi/vec4 0, 0, 6;
    %store/vec4 v0x5b5b2ab04830_0, 0, 6;
    %jmp T_3.30;
T_3.29 ;
    %load/vec4 v0x5b5b2ab04830_0;
    %pad/u 32;
    %cmpi/e 0, 0, 32;
    %jmp/0xz  T_3.32, 4;
    %load/vec4 v0x5b5b2ab04750_0;
    %pad/u 32;
    %cmpi/u 0, 0, 32;
    %flag_or 5, 4; GT is !LE
    %flag_inv 5;
    %jmp/0xz  T_3.34, 5;
    %load/vec4 v0x5b5b2ab04750_0;
    %subi 1, 0, 6;
    %assign/vec4 v0x5b5b2ab04750_0, 0;
    %pushi/vec4 59, 0, 6;
    %assign/vec4 v0x5b5b2ab04830_0, 0;
T_3.34 ;
    %jmp T_3.33;
T_3.32 ;
    %load/vec4 v0x5b5b2ab04830_0;
    %subi 1, 0, 6;
    %assign/vec4 v0x5b5b2ab04830_0, 0;
T_3.33 ;
T_3.30 ;
T_3.27 ;
T_3.5 ;
    %jmp T_3;
    .thread T_3;
    .scope S_0x5b5b2aac0330;
T_4 ;
    %pushi/vec4 0, 0, 1;
    %store/vec4 v0x5b5b2ab053c0_0, 0, 1;
    %pushi/vec4 0, 0, 1;
    %store/vec4 v0x5b5b2ab05ad0_0, 0, 1;
    %pushi/vec4 0, 0, 5;
    %store/vec4 v0x5b5b2ab05d40_0, 0, 5;
    %pushi/vec4 0, 0, 6;
    %store/vec4 v0x5b5b2ab05e10_0, 0, 6;
    %pushi/vec4 0, 0, 6;
    %store/vec4 v0x5b5b2ab05fb0_0, 0, 6;
    %pushi/vec4 1, 0, 5;
    %store/vec4 v0x5b5b2ab05c70_0, 0, 5;
    %pushi/vec4 1, 0, 4;
    %store/vec4 v0x5b5b2ab05ee0_0, 0, 4;
    %pushi/vec4 2020, 0, 12;
    %store/vec4 v0x5b5b2ab06080_0, 0, 12;
    %pushi/vec4 0, 0, 5;
    %store/vec4 v0x5b5b2ab051b0_0, 0, 5;
    %pushi/vec4 0, 0, 6;
    %store/vec4 v0x5b5b2ab05250_0, 0, 6;
    %pushi/vec4 0, 0, 6;
    %store/vec4 v0x5b5b2ab05320_0, 0, 6;
    %pushi/vec4 0, 0, 1;
    %store/vec4 v0x5b5b2ab05110_0, 0, 1;
    %pushi/vec4 0, 0, 6;
    %store/vec4 v0x5b5b2ab06540_0, 0, 6;
    %pushi/vec4 0, 0, 6;
    %store/vec4 v0x5b5b2ab06630_0, 0, 6;
    %pushi/vec4 0, 0, 1;
    %store/vec4 v0x5b5b2ab06700_0, 0, 1;
    %pushi/vec4 2, 0, 32;
    %store/vec4 v0x5b5b2ab05560_0, 0, 32;
    %pushi/vec4 0, 0, 32;
    %store/vec4 v0x5b5b2ab06150_0, 0, 32;
    %pushi/vec4 0, 0, 32;
    %store/vec4 v0x5b5b2ab06480_0, 0, 32;
    %end;
    .thread T_4, $init;
    .scope S_0x5b5b2aac0330;
T_5 ;
    %delay 500, 0;
    %load/vec4 v0x5b5b2ab053c0_0;
    %inv;
    %store/vec4 v0x5b5b2ab053c0_0, 0, 1;
    %jmp T_5;
    .thread T_5;
    .scope S_0x5b5b2aac0330;
T_6 ;
    %vpi_func 3 53 "$fopen" 32, "input.txt", "r" {0 0 0};
    %store/vec4 v0x5b5b2ab05600_0, 0, 32;
    %load/vec4 v0x5b5b2ab05600_0;
    %nor/r;
    %flag_set/vec4 8;
    %jmp/0xz  T_6.0, 8;
    %vpi_call/w 3 55 "$display", "Cannot open input.txt" {0 0 0};
    %vpi_call/w 3 56 "$finish" {0 0 0};
T_6.0 ;
T_6.2 ;
    %vpi_func 3 59 "$feof" 32, v0x5b5b2ab05600_0 {0 0 0};
    %nor/r;
    %flag_set/vec4 8;
    %jmp/0xz T_6.3, 8;
    %vpi_func 3 60 "$fscanf" 32, v0x5b5b2ab05600_0, "%d", v0x5b5b2ab05860_0 {0 0 0};
    %store/vec4 v0x5b5b2ab05a10_0, 0, 32;
    %load/vec4 v0x5b5b2ab05860_0;
    %cmpi/e 1, 0, 32;
    %jmp/1 T_6.6, 4;
    %flag_mov 8, 4;
    %load/vec4 v0x5b5b2ab05860_0;
    %cmpi/e 2, 0, 32;
    %flag_or 4, 8;
T_6.6;
    %jmp/0xz  T_6.4, 4;
    %vpi_call/w 3 62 "$display", "---- Mode %0d ----", v0x5b5b2ab05860_0 {0 0 0};
    %pushi/vec4 5, 0, 32;
T_6.7 %dup/vec4;
    %pushi/vec4 0, 0, 32;
    %cmp/s;
    %jmp/1xz T_6.8, 5;
    %jmp/1 T_6.8, 4;
    %pushi/vec4 1, 0, 32;
    %sub;
    %delay 1000, 0;
    %load/vec4 v0x5b5b2ab05050_0;
    %flag_set/vec4 8;
    %jmp/0xz  T_6.9, 8;
    %vpi_call/w 3 67 "$display", "ALARM RINGING! WAKE UP! Time: %02d:%02d:%02d", v0x5b5b2ab056a0_0, v0x5b5b2ab05790_0, v0x5b5b2ab05ba0_0 {0 0 0};
    %pushi/vec4 0, 0, 1;
    %store/vec4 v0x5b5b2ab05110_0, 0, 1;
    %pushi/vec4 0, 0, 32;
    %store/vec4 v0x5b5b2ab06150_0, 0, 32;
T_6.9 ;
    %load/vec4 v0x5b5b2ab06210_0;
    %flag_set/vec4 8;
    %jmp/0xz  T_6.11, 8;
    %vpi_call/w 3 72 "$display", "TIMER DONE! BOOM BOOM" {0 0 0};
    %pushi/vec4 0, 0, 1;
    %store/vec4 v0x5b5b2ab06700_0, 0, 1;
    %pushi/vec4 1, 0, 32;
    %store/vec4 v0x5b5b2ab06480_0, 0, 32;
    %pushi/vec4 0, 0, 32;
    %store/vec4 v0x5b5b2ab06150_0, 0, 32;
T_6.11 ;
    %load/vec4 v0x5b5b2ab05860_0;
    %cmpi/e 1, 0, 32;
    %jmp/0xz  T_6.13, 4;
    %load/vec4 v0x5b5b2ab056a0_0;
    %pad/u 32;
    %cmpi/e 0, 0, 32;
    %flag_mov 8, 4;
    %jmp/0 T_6.15, 8;
    %pushi/vec4 12, 0, 32;
    %jmp/1 T_6.16, 8;
T_6.15 ; End of true expr.
    %load/vec4 v0x5b5b2ab056a0_0;
    %pad/u 32;
    %cmpi/u 12, 0, 32;
    %flag_or 5, 4; GT is !LE
    %flag_inv 5;
    %flag_mov 9, 5;
    %jmp/0 T_6.17, 9;
    %load/vec4 v0x5b5b2ab056a0_0;
    %pad/u 32;
    %subi 12, 0, 32;
    %jmp/1 T_6.18, 9;
T_6.17 ; End of true expr.
    %load/vec4 v0x5b5b2ab056a0_0;
    %pad/u 32;
    %jmp/0 T_6.18, 9;
 ; End of false expr.
    %blend;
T_6.18;
    %jmp/0 T_6.16, 8;
 ; End of false expr.
    %blend;
T_6.16;
    %load/vec4 v0x5b5b2ab056a0_0;
    %pad/u 32;
    %cmpi/u 12, 0, 32;
    %flag_inv 5; GE is !LT
    %flag_mov 8, 5;
    %jmp/0 T_6.19, 8;
    %pushi/vec4 20557, 0, 16; draw_string_vec4
    %jmp/1 T_6.20, 8;
T_6.19 ; End of true expr.
    %pushi/vec4 16717, 0, 16; draw_string_vec4
    %jmp/0 T_6.20, 8;
 ; End of false expr.
    %blend;
T_6.20;
    %vpi_call/w 3 77 "$display", "Time: %02d:%02d:%02d %s | Date: %02d-%02d-%04d", S<1,vec4,u32>, v0x5b5b2ab05790_0, v0x5b5b2ab05ba0_0, S<0,vec4,u16>, v0x5b5b2ab05490_0, v0x5b5b2ab05920_0, v0x5b5b2ab067d0_0 {2 0 0};
    %jmp T_6.14;
T_6.13 ;
    %vpi_call/w 3 83 "$display", "Time: %02d:%02d:%02d | Date: %02d-%02d-%04d", v0x5b5b2ab056a0_0, v0x5b5b2ab05790_0, v0x5b5b2ab05ba0_0, v0x5b5b2ab05490_0, v0x5b5b2ab05920_0, v0x5b5b2ab067d0_0 {0 0 0};
T_6.14 ;
    %jmp T_6.7;
T_6.8 ;
    %pop/vec4 1;
    %vpi_call/w 3 87 "$display", "X--------X" {0 0 0};
    %jmp T_6.5;
T_6.4 ;
    %load/vec4 v0x5b5b2ab05860_0;
    %cmpi/e 3, 0, 32;
    %jmp/0xz  T_6.21, 4;
    %vpi_func 3 89 "$fscanf" 32, v0x5b5b2ab05600_0, "%d %d %d %d %d %d", v0x5b5b2ab05d40_0, v0x5b5b2ab05e10_0, v0x5b5b2ab05fb0_0, v0x5b5b2ab05c70_0, v0x5b5b2ab05ee0_0, v0x5b5b2ab06080_0 {0 0 0};
    %store/vec4 v0x5b5b2ab05a10_0, 0, 32;
    %vpi_call/w 3 92 "$display", "Setting time to %02d:%02d:%02d and date to %02d-%02d-%04d", v0x5b5b2ab05d40_0, v0x5b5b2ab05e10_0, v0x5b5b2ab05fb0_0, v0x5b5b2ab05c70_0, v0x5b5b2ab05ee0_0, v0x5b5b2ab06080_0 {0 0 0};
    %pushi/vec4 1, 0, 1;
    %store/vec4 v0x5b5b2ab05ad0_0, 0, 1;
    %delay 1000, 0;
    %pushi/vec4 0, 0, 1;
    %store/vec4 v0x5b5b2ab05ad0_0, 0, 1;
    %jmp T_6.22;
T_6.21 ;
    %load/vec4 v0x5b5b2ab05860_0;
    %cmpi/e 4, 0, 32;
    %jmp/0xz  T_6.23, 4;
    %vpi_func 3 96 "$fscanf" 32, v0x5b5b2ab05600_0, "%d %d %d", v0x5b5b2ab051b0_0, v0x5b5b2ab05250_0, v0x5b5b2ab05320_0 {0 0 0};
    %store/vec4 v0x5b5b2ab05a10_0, 0, 32;
    %pushi/vec4 1, 0, 1;
    %store/vec4 v0x5b5b2ab05110_0, 0, 1;
    %vpi_call/w 3 98 "$display", "Alarm set for %02d:%02d:%02d", v0x5b5b2ab051b0_0, v0x5b5b2ab05250_0, v0x5b5b2ab05320_0 {0 0 0};
    %jmp T_6.24;
T_6.23 ;
    %load/vec4 v0x5b5b2ab05860_0;
    %cmpi/e 5, 0, 32;
    %jmp/0xz  T_6.25, 4;
    %vpi_func 3 100 "$fscanf" 32, v0x5b5b2ab05600_0, "%d %d", v0x5b5b2ab06540_0, v0x5b5b2ab06630_0 {0 0 0};
    %store/vec4 v0x5b5b2ab05a10_0, 0, 32;
    %vpi_call/w 3 101 "$display", "Current time: %02d : %02d : %02d, Timer set for %02d minutes %02d seconds", v0x5b5b2ab056a0_0, v0x5b5b2ab05790_0, v0x5b5b2ab05ba0_0, v0x5b5b2ab06540_0, v0x5b5b2ab06630_0 {0 0 0};
    %pushi/vec4 1, 0, 1;
    %store/vec4 v0x5b5b2ab06700_0, 0, 1;
    %jmp T_6.26;
T_6.25 ;
    %vpi_call/w 3 104 "$display", "Unknown mode: %d", v0x5b5b2ab05860_0 {0 0 0};
T_6.26 ;
T_6.24 ;
T_6.22 ;
T_6.5 ;
    %jmp T_6.2;
T_6.3 ;
    %vpi_call/w 3 108 "$fclose", v0x5b5b2ab05600_0 {0 0 0};
    %pushi/vec4 300, 0, 32;
T_6.27 %dup/vec4;
    %pushi/vec4 0, 0, 32;
    %cmp/s;
    %jmp/1xz T_6.28, 5;
    %jmp/1 T_6.28, 4;
    %pushi/vec4 1, 0, 32;
    %sub;
    %delay 1000, 0;
    %load/vec4 v0x5b5b2ab05050_0;
    %flag_set/vec4 8;
    %jmp/0xz  T_6.29, 8;
    %vpi_call/w 3 114 "$display", "ALARM RINGING! Time: %02d:%02d:%02d", v0x5b5b2ab056a0_0, v0x5b5b2ab05790_0, v0x5b5b2ab05ba0_0 {0 0 0};
    %pushi/vec4 0, 0, 1;
    %store/vec4 v0x5b5b2ab05110_0, 0, 1;
    %pushi/vec4 0, 0, 32;
    %store/vec4 v0x5b5b2ab06150_0, 0, 32;
    %jmp T_6.30;
T_6.29 ;
    %load/vec4 v0x5b5b2ab06210_0;
    %flag_set/vec4 8;
    %jmp/0xz  T_6.31, 8;
    %vpi_call/w 3 120 "$display", "TIMER DONE! Time Left: 00:00" {0 0 0};
    %pushi/vec4 0, 0, 1;
    %store/vec4 v0x5b5b2ab06700_0, 0, 1;
    %pushi/vec4 1, 0, 32;
    %store/vec4 v0x5b5b2ab06480_0, 0, 32;
    %pushi/vec4 0, 0, 32;
    %store/vec4 v0x5b5b2ab06150_0, 0, 32;
    %jmp T_6.32;
T_6.31 ;
    %load/vec4 v0x5b5b2ab062e0_0;
    %cmpi/ne 0, 0, 6;
    %jmp/1 T_6.35, 4;
    %flag_mov 8, 4;
    %load/vec4 v0x5b5b2ab063b0_0;
    %cmpi/ne 0, 0, 6;
    %flag_or 4, 8;
T_6.35;
    %jmp/0xz  T_6.33, 4;
    %vpi_call/w 3 131 "$display", "TIMER: %02d:%02d", v0x5b5b2ab062e0_0, v0x5b5b2ab063b0_0 {0 0 0};
    %pushi/vec4 0, 0, 32;
    %store/vec4 v0x5b5b2ab06150_0, 0, 32;
    %jmp T_6.34;
T_6.33 ;
    %load/vec4 v0x5b5b2ab05560_0;
    %cmpi/e 1, 0, 32;
    %jmp/0xz  T_6.36, 4;
    %load/vec4 v0x5b5b2ab056a0_0;
    %pad/u 32;
    %cmpi/e 0, 0, 32;
    %flag_mov 8, 4;
    %jmp/0 T_6.38, 8;
    %pushi/vec4 12, 0, 32;
    %jmp/1 T_6.39, 8;
T_6.38 ; End of true expr.
    %load/vec4 v0x5b5b2ab056a0_0;
    %pad/u 32;
    %cmpi/u 12, 0, 32;
    %flag_or 5, 4; GT is !LE
    %flag_inv 5;
    %flag_mov 9, 5;
    %jmp/0 T_6.40, 9;
    %load/vec4 v0x5b5b2ab056a0_0;
    %pad/u 32;
    %subi 12, 0, 32;
    %jmp/1 T_6.41, 9;
T_6.40 ; End of true expr.
    %load/vec4 v0x5b5b2ab056a0_0;
    %pad/u 32;
    %jmp/0 T_6.41, 9;
 ; End of false expr.
    %blend;
T_6.41;
    %jmp/0 T_6.39, 8;
 ; End of false expr.
    %blend;
T_6.39;
    %load/vec4 v0x5b5b2ab056a0_0;
    %pad/u 32;
    %cmpi/u 12, 0, 32;
    %flag_inv 5; GE is !LT
    %flag_mov 8, 5;
    %jmp/0 T_6.42, 8;
    %pushi/vec4 20557, 0, 16; draw_string_vec4
    %jmp/1 T_6.43, 8;
T_6.42 ; End of true expr.
    %pushi/vec4 16717, 0, 16; draw_string_vec4
    %jmp/0 T_6.43, 8;
 ; End of false expr.
    %blend;
T_6.43;
    %vpi_call/w 3 135 "$display", "Time: %02d:%02d:%02d %s | Date: %02d-%02d-%04d", S<1,vec4,u32>, v0x5b5b2ab05790_0, v0x5b5b2ab05ba0_0, S<0,vec4,u16>, v0x5b5b2ab05490_0, v0x5b5b2ab05920_0, v0x5b5b2ab067d0_0 {2 0 0};
    %jmp T_6.37;
T_6.36 ;
    %vpi_call/w 3 141 "$display", "Time: %02d:%02d:%02d | Date: %02d-%02d-%04d", v0x5b5b2ab056a0_0, v0x5b5b2ab05790_0, v0x5b5b2ab05ba0_0, v0x5b5b2ab05490_0, v0x5b5b2ab05920_0, v0x5b5b2ab067d0_0 {0 0 0};
T_6.37 ;
    %load/vec4 v0x5b5b2ab06150_0;
    %addi 1, 0, 32;
    %store/vec4 v0x5b5b2ab06150_0, 0, 32;
T_6.34 ;
T_6.32 ;
T_6.30 ;
    %load/vec4 v0x5b5b2ab05050_0;
    %nor/r;
    %flag_set/vec4 13;
    %flag_get/vec4 13;
    %jmp/0 T_6.50, 13;
    %load/vec4 v0x5b5b2ab06210_0;
    %nor/r;
    %and;
T_6.50;
    %flag_set/vec4 12;
    %flag_get/vec4 12;
    %jmp/0 T_6.49, 12;
    %load/vec4 v0x5b5b2ab062e0_0;
    %pad/u 32;
    %pushi/vec4 0, 0, 32;
    %cmp/e;
    %flag_get/vec4 4;
    %and;
T_6.49;
    %flag_set/vec4 11;
    %flag_get/vec4 11;
    %jmp/0 T_6.48, 11;
    %load/vec4 v0x5b5b2ab063b0_0;
    %pad/u 32;
    %pushi/vec4 0, 0, 32;
    %cmp/e;
    %flag_get/vec4 4;
    %and;
T_6.48;
    %flag_set/vec4 10;
    %flag_get/vec4 10;
    %jmp/0 T_6.47, 10;
    %pushi/vec4 5, 0, 32;
    %load/vec4 v0x5b5b2ab06150_0;
    %cmp/s;
    %flag_get/vec4 5;
    %and;
T_6.47;
    %flag_set/vec4 9;
    %flag_get/vec4 9;
    %jmp/0 T_6.46, 9;
    %load/vec4 v0x5b5b2ab05110_0;
    %nor/r;
    %and;
T_6.46;
    %flag_set/vec4 8;
    %jmp/0xz  T_6.44, 8;
    %vpi_call/w 3 148 "$display", "Simulation complete." {0 0 0};
    %vpi_call/w 3 149 "$finish" {0 0 0};
T_6.44 ;
    %jmp T_6.27;
T_6.28 ;
    %pop/vec4 1;
    %vpi_call/w 3 153 "$display", "Simulation timeout." {0 0 0};
    %vpi_call/w 3 154 "$finish" {0 0 0};
    %end;
    .thread T_6;
# The file index is used to find the file name in the following table.
:file_names 5;
    "N/A";
    "<interactive>";
    "-";
    "testbench.v";
    "digital_clock.v";
